<?xml version="1.0" encoding="UTF-8"?>
<testsuite name="CorrectnessTest" tests="385" skipped="0" failures="0" errors="0" timestamp="2024-11-21T22:11:39" hostname="gl-login2.arc-ts.umich.edu" time="0.301">
  <properties/>
  <testcase name="parsingBracketNotationToStringNodeData[testID:1,t1:{f{a}{e{c{b}}{d}}},t2:{f{a}{c{e{b}{d}}}},d:2]" classname="CorrectnessTest" time="0.005"/>
  <testcase name="distanceUnitCostStringNodeDataCostModel[testID:1,t1:{f{a}{e{c{b}}{d}}},t2:{f{a}{c{e{b}{d}}}},d:2]" classname="CorrectnessTest" time="0.006"/>
  <testcase name="distanceUnitCostStringNodeDataCostModelSpfL[testID:1,t1:{f{a}{e{c{b}}{d}}},t2:{f{a}{c{e{b}{d}}}},d:2]" classname="CorrectnessTest" time="0.001"/>
  <testcase name="distanceUnitCostStringNodeDataCostModelSpfR[testID:1,t1:{f{a}{e{c{b}}{d}}},t2:{f{a}{c{e{b}{d}}}},d:2]" classname="CorrectnessTest" time="0.001"/>
  <testcase name="mappingCostUnitCostStringNodeDataCostModel[testID:1,t1:{f{a}{e{c{b}}{d}}},t2:{f{a}{c{e{b}{d}}}},d:2]" classname="CorrectnessTest" time="0.001"/>
  <testcase name="parsingBracketNotationToStringNodeData[testID:2,t1:{a{b}{c{e}{f}}{d}},t2:{a{b}{c{e}}{d}},d:1]" classname="CorrectnessTest" time="0.0"/>
  <testcase name="distanceUnitCostStringNodeDataCostModel[testID:2,t1:{a{b}{c{e}{f}}{d}},t2:{a{b}{c{e}}{d}},d:1]" classname="CorrectnessTest" time="0.0"/>
  <testcase name="distanceUnitCostStringNodeDataCostModelSpfL[testID:2,t1:{a{b}{c{e}{f}}{d}},t2:{a{b}{c{e}}{d}},d:1]" classname="CorrectnessTest" time="0.0"/>
  <testcase name="distanceUnitCostStringNodeDataCostModelSpfR[testID:2,t1:{a{b}{c{e}{f}}{d}},t2:{a{b}{c{e}}{d}},d:1]" classname="CorrectnessTest" time="0.001"/>
  <testcase name="mappingCostUnitCostStringNodeDataCostModel[testID:2,t1:{a{b}{c{e}{f}}{d}},t2:{a{b}{c{e}}{d}},d:1]" classname="CorrectnessTest" time="0.001"/>
  <testcase name="parsingBracketNotationToStringNodeData[testID:3,t1:{a{b}{c{e}{f}}{d}},t2:{a{b}{c}{d}},d:2]" classname="CorrectnessTest" time="0.0"/>
  <testcase name="distanceUnitCostStringNodeDataCostModel[testID:3,t1:{a{b}{c{e}{f}}{d}},t2:{a{b}{c}{d}},d:2]" classname="CorrectnessTest" time="0.001"/>
  <testcase name="distanceUnitCostStringNodeDataCostModelSpfL[testID:3,t1:{a{b}{c{e}{f}}{d}},t2:{a{b}{c}{d}},d:2]" classname="CorrectnessTest" time="0.0"/>
  <testcase name="distanceUnitCostStringNodeDataCostModelSpfR[testID:3,t1:{a{b}{c{e}{f}}{d}},t2:{a{b}{c}{d}},d:2]" classname="CorrectnessTest" time="0.0"/>
  <testcase name="mappingCostUnitCostStringNodeDataCostModel[testID:3,t1:{a{b}{c{e}{f}}{d}},t2:{a{b}{c}{d}},d:2]" classname="CorrectnessTest" time="0.001"/>
  <testcase name="parsingBracketNotationToStringNodeData[testID:4,t1:{a{x}{c{e}{f}}{d}},t2:{a{b}{c}{d}},d:3]" classname="CorrectnessTest" time="0.001"/>
  <testcase name="distanceUnitCostStringNodeDataCostModel[testID:4,t1:{a{x}{c{e}{f}}{d}},t2:{a{b}{c}{d}},d:3]" classname="CorrectnessTest" time="0.0"/>
  <testcase name="distanceUnitCostStringNodeDataCostModelSpfL[testID:4,t1:{a{x}{c{e}{f}}{d}},t2:{a{b}{c}{d}},d:3]" classname="CorrectnessTest" time="0.001"/>
  <testcase name="distanceUnitCostStringNodeDataCostModelSpfR[testID:4,t1:{a{x}{c{e}{f}}{d}},t2:{a{b}{c}{d}},d:3]" classname="CorrectnessTest" time="0.0"/>
  <testcase name="mappingCostUnitCostStringNodeDataCostModel[testID:4,t1:{a{x}{c{e}{f}}{d}},t2:{a{b}{c}{d}},d:3]" classname="CorrectnessTest" time="0.0"/>
  <testcase name="parsingBracketNotationToStringNodeData[testID:5,t1:{a{b}{c{e}{f}}{d}},t2:{a{b}{c}},d:3]" classname="CorrectnessTest" time="0.0"/>
  <testcase name="distanceUnitCostStringNodeDataCostModel[testID:5,t1:{a{b}{c{e}{f}}{d}},t2:{a{b}{c}},d:3]" classname="CorrectnessTest" time="0.0"/>
  <testcase name="distanceUnitCostStringNodeDataCostModelSpfL[testID:5,t1:{a{b}{c{e}{f}}{d}},t2:{a{b}{c}},d:3]" classname="CorrectnessTest" time="0.001"/>
  <testcase name="distanceUnitCostStringNodeDataCostModelSpfR[testID:5,t1:{a{b}{c{e}{f}}{d}},t2:{a{b}{c}},d:3]" classname="CorrectnessTest" time="0.0"/>
  <testcase name="mappingCostUnitCostStringNodeDataCostModel[testID:5,t1:{a{b}{c{e}{f}}{d}},t2:{a{b}{c}},d:3]" classname="CorrectnessTest" time="0.001"/>
  <testcase name="parsingBracketNotationToStringNodeData[testID:6,t1:{a{b{i}{j{u}}}{c{d}{e{q{n}{m}}}}{f{w}}},t2:{a},d:12]" classname="CorrectnessTest" time="0.0"/>
  <testcase name="distanceUnitCostStringNodeDataCostModel[testID:6,t1:{a{b{i}{j{u}}}{c{d}{e{q{n}{m}}}}{f{w}}},t2:{a},d:12]" classname="CorrectnessTest" time="0.0"/>
  <testcase name="distanceUnitCostStringNodeDataCostModelSpfL[testID:6,t1:{a{b{i}{j{u}}}{c{d}{e{q{n}{m}}}}{f{w}}},t2:{a},d:12]" classname="CorrectnessTest" time="0.0"/>
  <testcase name="distanceUnitCostStringNodeDataCostModelSpfR[testID:6,t1:{a{b{i}{j{u}}}{c{d}{e{q{n}{m}}}}{f{w}}},t2:{a},d:12]" classname="CorrectnessTest" time="0.0"/>
  <testcase name="mappingCostUnitCostStringNodeDataCostModel[testID:6,t1:{a{b{i}{j{u}}}{c{d}{e{q{n}{m}}}}{f{w}}},t2:{a},d:12]" classname="CorrectnessTest" time="0.0"/>
  <testcase name="parsingBracketNotationToStringNodeData[testID:7,t1:{a{b{i}{j{u}}}{c{d}{e{q{n}{m}}}}{f{w}}},t2:{x},d:13]" classname="CorrectnessTest" time="0.0"/>
  <testcase name="distanceUnitCostStringNodeDataCostModel[testID:7,t1:{a{b{i}{j{u}}}{c{d}{e{q{n}{m}}}}{f{w}}},t2:{x},d:13]" classname="CorrectnessTest" time="0.001"/>
  <testcase name="distanceUnitCostStringNodeDataCostModelSpfL[testID:7,t1:{a{b{i}{j{u}}}{c{d}{e{q{n}{m}}}}{f{w}}},t2:{x},d:13]" classname="CorrectnessTest" time="0.0"/>
  <testcase name="distanceUnitCostStringNodeDataCostModelSpfR[testID:7,t1:{a{b{i}{j{u}}}{c{d}{e{q{n}{m}}}}{f{w}}},t2:{x},d:13]" classname="CorrectnessTest" time="0.0"/>
  <testcase name="mappingCostUnitCostStringNodeDataCostModel[testID:7,t1:{a{b{i}{j{u}}}{c{d}{e{q{n}{m}}}}{f{w}}},t2:{x},d:13]" classname="CorrectnessTest" time="0.032"/>
  <testcase name="parsingBracketNotationToStringNodeData[testID:8,t1:{a{b{i}{j{u}}}{c{d}{e}}{f{w}}},t2:{x},d:10]" classname="CorrectnessTest" time="0.001"/>
  <testcase name="distanceUnitCostStringNodeDataCostModel[testID:8,t1:{a{b{i}{j{u}}}{c{d}{e}}{f{w}}},t2:{x},d:10]" classname="CorrectnessTest" time="0.0"/>
  <testcase name="distanceUnitCostStringNodeDataCostModelSpfL[testID:8,t1:{a{b{i}{j{u}}}{c{d}{e}}{f{w}}},t2:{x},d:10]" classname="CorrectnessTest" time="0.001"/>
  <testcase name="distanceUnitCostStringNodeDataCostModelSpfR[testID:8,t1:{a{b{i}{j{u}}}{c{d}{e}}{f{w}}},t2:{x},d:10]" classname="CorrectnessTest" time="0.0"/>
  <testcase name="mappingCostUnitCostStringNodeDataCostModel[testID:8,t1:{a{b{i}{j{u}}}{c{d}{e}}{f{w}}},t2:{x},d:10]" classname="CorrectnessTest" time="0.0"/>
  <testcase name="parsingBracketNotationToStringNodeData[testID:9,t1:{a{b}{c{e}{f}}{d}},t2:{a{b}{c{e}{f}}{d}},d:0]" classname="CorrectnessTest" time="0.0"/>
  <testcase name="distanceUnitCostStringNodeDataCostModel[testID:9,t1:{a{b}{c{e}{f}}{d}},t2:{a{b}{c{e}{f}}{d}},d:0]" classname="CorrectnessTest" time="0.001"/>
  <testcase name="distanceUnitCostStringNodeDataCostModelSpfL[testID:9,t1:{a{b}{c{e}{f}}{d}},t2:{a{b}{c{e}{f}}{d}},d:0]" classname="CorrectnessTest" time="0.001"/>
  <testcase name="distanceUnitCostStringNodeDataCostModelSpfR[testID:9,t1:{a{b}{c{e}{f}}{d}},t2:{a{b}{c{e}{f}}{d}},d:0]" classname="CorrectnessTest" time="0.0"/>
  <testcase name="mappingCostUnitCostStringNodeDataCostModel[testID:9,t1:{a{b}{c{e}{f}}{d}},t2:{a{b}{c{e}{f}}{d}},d:0]" classname="CorrectnessTest" time="0.0"/>
  <testcase name="parsingBracketNotationToStringNodeData[testID:10,t1:{a{b{i}{j}}{c{d}{e}}{f{w}}},t2:{x},d:9]" classname="CorrectnessTest" time="0.0"/>
  <testcase name="distanceUnitCostStringNodeDataCostModel[testID:10,t1:{a{b{i}{j}}{c{d}{e}}{f{w}}},t2:{x},d:9]" classname="CorrectnessTest" time="0.0"/>
  <testcase name="distanceUnitCostStringNodeDataCostModelSpfL[testID:10,t1:{a{b{i}{j}}{c{d}{e}}{f{w}}},t2:{x},d:9]" classname="CorrectnessTest" time="0.0"/>
  <testcase name="distanceUnitCostStringNodeDataCostModelSpfR[testID:10,t1:{a{b{i}{j}}{c{d}{e}}{f{w}}},t2:{x},d:9]" classname="CorrectnessTest" time="0.0"/>
  <testcase name="mappingCostUnitCostStringNodeDataCostModel[testID:10,t1:{a{b{i}{j}}{c{d}{e}}{f{w}}},t2:{x},d:9]" classname="CorrectnessTest" time="0.0"/>
  <testcase name="parsingBracketNotationToStringNodeData[testID:11,t1:{a{b{i}}{c{d}{e}}{f{w}}},t2:{x},d:8]" classname="CorrectnessTest" time="0.0"/>
  <testcase name="distanceUnitCostStringNodeDataCostModel[testID:11,t1:{a{b{i}}{c{d}{e}}{f{w}}},t2:{x},d:8]" classname="CorrectnessTest" time="0.0"/>
  <testcase name="distanceUnitCostStringNodeDataCostModelSpfL[testID:11,t1:{a{b{i}}{c{d}{e}}{f{w}}},t2:{x},d:8]" classname="CorrectnessTest" time="0.0"/>
  <testcase name="distanceUnitCostStringNodeDataCostModelSpfR[testID:11,t1:{a{b{i}}{c{d}{e}}{f{w}}},t2:{x},d:8]" classname="CorrectnessTest" time="0.0"/>
  <testcase name="mappingCostUnitCostStringNodeDataCostModel[testID:11,t1:{a{b{i}}{c{d}{e}}{f{w}}},t2:{x},d:8]" classname="CorrectnessTest" time="0.001"/>
  <testcase name="parsingBracketNotationToStringNodeData[testID:12,t1:{a{b}{c{d}{e}}{f{w}}},t2:{x},d:7]" classname="CorrectnessTest" time="0.0"/>
  <testcase name="distanceUnitCostStringNodeDataCostModel[testID:12,t1:{a{b}{c{d}{e}}{f{w}}},t2:{x},d:7]" classname="CorrectnessTest" time="0.0"/>
  <testcase name="distanceUnitCostStringNodeDataCostModelSpfL[testID:12,t1:{a{b}{c{d}{e}}{f{w}}},t2:{x},d:7]" classname="CorrectnessTest" time="0.0"/>
  <testcase name="distanceUnitCostStringNodeDataCostModelSpfR[testID:12,t1:{a{b}{c{d}{e}}{f{w}}},t2:{x},d:7]" classname="CorrectnessTest" time="0.0"/>
  <testcase name="mappingCostUnitCostStringNodeDataCostModel[testID:12,t1:{a{b}{c{d}{e}}{f{w}}},t2:{x},d:7]" classname="CorrectnessTest" time="0.0"/>
  <testcase name="parsingBracketNotationToStringNodeData[testID:13,t1:{a{b}{c{d}{e}}{f}},t2:{x},d:6]" classname="CorrectnessTest" time="0.0"/>
  <testcase name="distanceUnitCostStringNodeDataCostModel[testID:13,t1:{a{b}{c{d}{e}}{f}},t2:{x},d:6]" classname="CorrectnessTest" time="0.0"/>
  <testcase name="distanceUnitCostStringNodeDataCostModelSpfL[testID:13,t1:{a{b}{c{d}{e}}{f}},t2:{x},d:6]" classname="CorrectnessTest" time="0.0"/>
  <testcase name="distanceUnitCostStringNodeDataCostModelSpfR[testID:13,t1:{a{b}{c{d}{e}}{f}},t2:{x},d:6]" classname="CorrectnessTest" time="0.0"/>
  <testcase name="mappingCostUnitCostStringNodeDataCostModel[testID:13,t1:{a{b}{c{d}{e}}{f}},t2:{x},d:6]" classname="CorrectnessTest" time="0.0"/>
  <testcase name="parsingBracketNotationToStringNodeData[testID:14,t1:{a{m}{r}{d}{e{z}{i}{l}{t{o}{k}{g}{h}}}},t2:{x},d:13]" classname="CorrectnessTest" time="0.0"/>
  <testcase name="distanceUnitCostStringNodeDataCostModel[testID:14,t1:{a{m}{r}{d}{e{z}{i}{l}{t{o}{k}{g}{h}}}},t2:{x},d:13]" classname="CorrectnessTest" time="0.001"/>
  <testcase name="distanceUnitCostStringNodeDataCostModelSpfL[testID:14,t1:{a{m}{r}{d}{e{z}{i}{l}{t{o}{k}{g}{h}}}},t2:{x},d:13]" classname="CorrectnessTest" time="0.0"/>
  <testcase name="distanceUnitCostStringNodeDataCostModelSpfR[testID:14,t1:{a{m}{r}{d}{e{z}{i}{l}{t{o}{k}{g}{h}}}},t2:{x},d:13]" classname="CorrectnessTest" time="0.0"/>
  <testcase name="mappingCostUnitCostStringNodeDataCostModel[testID:14,t1:{a{m}{r}{d}{e{z}{i}{l}{t{o}{k}{g}{h}}}},t2:{x},d:13]" classname="CorrectnessTest" time="0.001"/>
  <testcase name="parsingBracketNotationToStringNodeData[testID:15,t1:{a{m{z{o}{k}{g}{h}}{i}{l}{t}}{r}{d}{e}},t2:{x},d:13]" classname="CorrectnessTest" time="0.0"/>
  <testcase name="distanceUnitCostStringNodeDataCostModel[testID:15,t1:{a{m{z{o}{k}{g}{h}}{i}{l}{t}}{r}{d}{e}},t2:{x},d:13]" classname="CorrectnessTest" time="0.0"/>
  <testcase name="distanceUnitCostStringNodeDataCostModelSpfL[testID:15,t1:{a{m{z{o}{k}{g}{h}}{i}{l}{t}}{r}{d}{e}},t2:{x},d:13]" classname="CorrectnessTest" time="0.001"/>
  <testcase name="distanceUnitCostStringNodeDataCostModelSpfR[testID:15,t1:{a{m{z{o}{k}{g}{h}}{i}{l}{t}}{r}{d}{e}},t2:{x},d:13]" classname="CorrectnessTest" time="0.0"/>
  <testcase name="mappingCostUnitCostStringNodeDataCostModel[testID:15,t1:{a{m{z{o}{k}{g}{h}}{i}{l}{t}}{r}{d}{e}},t2:{x},d:13]" classname="CorrectnessTest" time="0.0"/>
  <testcase name="parsingBracketNotationToStringNodeData[testID:16,t1:{a{r}{d}{e{i}{l}{t{k}{g}{h}}}},t2:{x},d:10]" classname="CorrectnessTest" time="0.001"/>
  <testcase name="distanceUnitCostStringNodeDataCostModel[testID:16,t1:{a{r}{d}{e{i}{l}{t{k}{g}{h}}}},t2:{x},d:10]" classname="CorrectnessTest" time="0.001"/>
  <testcase name="distanceUnitCostStringNodeDataCostModelSpfL[testID:16,t1:{a{r}{d}{e{i}{l}{t{k}{g}{h}}}},t2:{x},d:10]" classname="CorrectnessTest" time="0.0"/>
  <testcase name="distanceUnitCostStringNodeDataCostModelSpfR[testID:16,t1:{a{r}{d}{e{i}{l}{t{k}{g}{h}}}},t2:{x},d:10]" classname="CorrectnessTest" time="0.001"/>
  <testcase name="mappingCostUnitCostStringNodeDataCostModel[testID:16,t1:{a{r}{d}{e{i}{l}{t{k}{g}{h}}}},t2:{x},d:10]" classname="CorrectnessTest" time="0.0"/>
  <testcase name="parsingBracketNotationToStringNodeData[testID:17,t1:{x},t2:{a{r}{d}{e{i}{l}{t{k}{g}{h}}}},d:10]" classname="CorrectnessTest" time="0.0"/>
  <testcase name="distanceUnitCostStringNodeDataCostModel[testID:17,t1:{x},t2:{a{r}{d}{e{i}{l}{t{k}{g}{h}}}},d:10]" classname="CorrectnessTest" time="0.001"/>
  <testcase name="distanceUnitCostStringNodeDataCostModelSpfL[testID:17,t1:{x},t2:{a{r}{d}{e{i}{l}{t{k}{g}{h}}}},d:10]" classname="CorrectnessTest" time="0.0"/>
  <testcase name="distanceUnitCostStringNodeDataCostModelSpfR[testID:17,t1:{x},t2:{a{r}{d}{e{i}{l}{t{k}{g}{h}}}},d:10]" classname="CorrectnessTest" time="0.0"/>
  <testcase name="mappingCostUnitCostStringNodeDataCostModel[testID:17,t1:{x},t2:{a{r}{d}{e{i}{l}{t{k}{g}{h}}}},d:10]" classname="CorrectnessTest" time="0.0"/>
  <testcase name="parsingBracketNotationToStringNodeData[testID:18,t1:{a{r}{d}{e{s}{t}}},t2:{x},d:6]" classname="CorrectnessTest" time="0.001"/>
  <testcase name="distanceUnitCostStringNodeDataCostModel[testID:18,t1:{a{r}{d}{e{s}{t}}},t2:{x},d:6]" classname="CorrectnessTest" time="0.0"/>
  <testcase name="distanceUnitCostStringNodeDataCostModelSpfL[testID:18,t1:{a{r}{d}{e{s}{t}}},t2:{x},d:6]" classname="CorrectnessTest" time="0.0"/>
  <testcase name="distanceUnitCostStringNodeDataCostModelSpfR[testID:18,t1:{a{r}{d}{e{s}{t}}},t2:{x},d:6]" classname="CorrectnessTest" time="0.0"/>
  <testcase name="mappingCostUnitCostStringNodeDataCostModel[testID:18,t1:{a{r}{d}{e{s}{t}}},t2:{x},d:6]" classname="CorrectnessTest" time="0.0"/>
  <testcase name="parsingBracketNotationToStringNodeData[testID:19,t1:{x},t2:{a{d}{e{l}{t{g}{h}}}},d:7]" classname="CorrectnessTest" time="0.0"/>
  <testcase name="distanceUnitCostStringNodeDataCostModel[testID:19,t1:{x},t2:{a{d}{e{l}{t{g}{h}}}},d:7]" classname="CorrectnessTest" time="0.0"/>
  <testcase name="distanceUnitCostStringNodeDataCostModelSpfL[testID:19,t1:{x},t2:{a{d}{e{l}{t{g}{h}}}},d:7]" classname="CorrectnessTest" time="0.0"/>
  <testcase name="distanceUnitCostStringNodeDataCostModelSpfR[testID:19,t1:{x},t2:{a{d}{e{l}{t{g}{h}}}},d:7]" classname="CorrectnessTest" time="0.0"/>
  <testcase name="mappingCostUnitCostStringNodeDataCostModel[testID:19,t1:{x},t2:{a{d}{e{l}{t{g}{h}}}},d:7]" classname="CorrectnessTest" time="0.0"/>
  <testcase name="parsingBracketNotationToStringNodeData[testID:20,t1:{a{d}{e{l}{t{g}{h}}}},t2:{x},d:7]" classname="CorrectnessTest" time="0.0"/>
  <testcase name="distanceUnitCostStringNodeDataCostModel[testID:20,t1:{a{d}{e{l}{t{g}{h}}}},t2:{x},d:7]" classname="CorrectnessTest" time="0.0"/>
  <testcase name="distanceUnitCostStringNodeDataCostModelSpfL[testID:20,t1:{a{d}{e{l}{t{g}{h}}}},t2:{x},d:7]" classname="CorrectnessTest" time="0.0"/>
  <testcase name="distanceUnitCostStringNodeDataCostModelSpfR[testID:20,t1:{a{d}{e{l}{t{g}{h}}}},t2:{x},d:7]" classname="CorrectnessTest" time="0.0"/>
  <testcase name="mappingCostUnitCostStringNodeDataCostModel[testID:20,t1:{a{d}{e{l}{t{g}{h}}}},t2:{x},d:7]" classname="CorrectnessTest" time="0.001"/>
  <testcase name="parsingBracketNotationToStringNodeData[testID:21,t1:{a{d}{e}{f}{l}{t}},t2:{f},d:5]" classname="CorrectnessTest" time="0.0"/>
  <testcase name="distanceUnitCostStringNodeDataCostModel[testID:21,t1:{a{d}{e}{f}{l}{t}},t2:{f},d:5]" classname="CorrectnessTest" time="0.0"/>
  <testcase name="distanceUnitCostStringNodeDataCostModelSpfL[testID:21,t1:{a{d}{e}{f}{l}{t}},t2:{f},d:5]" classname="CorrectnessTest" time="0.0"/>
  <testcase name="distanceUnitCostStringNodeDataCostModelSpfR[testID:21,t1:{a{d}{e}{f}{l}{t}},t2:{f},d:5]" classname="CorrectnessTest" time="0.0"/>
  <testcase name="mappingCostUnitCostStringNodeDataCostModel[testID:21,t1:{a{d}{e}{f}{l}{t}},t2:{f},d:5]" classname="CorrectnessTest" time="0.001"/>
  <testcase name="parsingBracketNotationToStringNodeData[testID:22,t1:{a{d}{e}{f}{l}{t}},t2:{a},d:5]" classname="CorrectnessTest" time="0.0"/>
  <testcase name="distanceUnitCostStringNodeDataCostModel[testID:22,t1:{a{d}{e}{f}{l}{t}},t2:{a},d:5]" classname="CorrectnessTest" time="0.0"/>
  <testcase name="distanceUnitCostStringNodeDataCostModelSpfL[testID:22,t1:{a{d}{e}{f}{l}{t}},t2:{a},d:5]" classname="CorrectnessTest" time="0.0"/>
  <testcase name="distanceUnitCostStringNodeDataCostModelSpfR[testID:22,t1:{a{d}{e}{f}{l}{t}},t2:{a},d:5]" classname="CorrectnessTest" time="0.0"/>
  <testcase name="mappingCostUnitCostStringNodeDataCostModel[testID:22,t1:{a{d}{e}{f}{l}{t}},t2:{a},d:5]" classname="CorrectnessTest" time="0.001"/>
  <testcase name="parsingBracketNotationToStringNodeData[testID:23,t1:{a{d}{e}{f}{l}{t}},t2:{x},d:6]" classname="CorrectnessTest" time="0.0"/>
  <testcase name="distanceUnitCostStringNodeDataCostModel[testID:23,t1:{a{d}{e}{f}{l}{t}},t2:{x},d:6]" classname="CorrectnessTest" time="0.0"/>
  <testcase name="distanceUnitCostStringNodeDataCostModelSpfL[testID:23,t1:{a{d}{e}{f}{l}{t}},t2:{x},d:6]" classname="CorrectnessTest" time="0.0"/>
  <testcase name="distanceUnitCostStringNodeDataCostModelSpfR[testID:23,t1:{a{d}{e}{f}{l}{t}},t2:{x},d:6]" classname="CorrectnessTest" time="0.0"/>
  <testcase name="mappingCostUnitCostStringNodeDataCostModel[testID:23,t1:{a{d}{e}{f}{l}{t}},t2:{x},d:6]" classname="CorrectnessTest" time="0.0"/>
  <testcase name="parsingBracketNotationToStringNodeData[testID:24,t1:{a{d}{e}{f}},t2:{x},d:4]" classname="CorrectnessTest" time="0.0"/>
  <testcase name="distanceUnitCostStringNodeDataCostModel[testID:24,t1:{a{d}{e}{f}},t2:{x},d:4]" classname="CorrectnessTest" time="0.0"/>
  <testcase name="distanceUnitCostStringNodeDataCostModelSpfL[testID:24,t1:{a{d}{e}{f}},t2:{x},d:4]" classname="CorrectnessTest" time="0.0"/>
  <testcase name="distanceUnitCostStringNodeDataCostModelSpfR[testID:24,t1:{a{d}{e}{f}},t2:{x},d:4]" classname="CorrectnessTest" time="0.0"/>
  <testcase name="mappingCostUnitCostStringNodeDataCostModel[testID:24,t1:{a{d}{e}{f}},t2:{x},d:4]" classname="CorrectnessTest" time="0.0"/>
  <testcase name="parsingBracketNotationToStringNodeData[testID:25,t1:{x},t2:{a{d}{e}{f}},d:4]" classname="CorrectnessTest" time="0.0"/>
  <testcase name="distanceUnitCostStringNodeDataCostModel[testID:25,t1:{x},t2:{a{d}{e}{f}},d:4]" classname="CorrectnessTest" time="0.0"/>
  <testcase name="distanceUnitCostStringNodeDataCostModelSpfL[testID:25,t1:{x},t2:{a{d}{e}{f}},d:4]" classname="CorrectnessTest" time="0.0"/>
  <testcase name="distanceUnitCostStringNodeDataCostModelSpfR[testID:25,t1:{x},t2:{a{d}{e}{f}},d:4]" classname="CorrectnessTest" time="0.0"/>
  <testcase name="mappingCostUnitCostStringNodeDataCostModel[testID:25,t1:{x},t2:{a{d}{e}{f}},d:4]" classname="CorrectnessTest" time="0.0"/>
  <testcase name="parsingBracketNotationToStringNodeData[testID:26,t1:{a{b{c}{d{e{f}{g}}{h}}}{i}},t2:{e{f}{g}},d:6]" classname="CorrectnessTest" time="0.0"/>
  <testcase name="distanceUnitCostStringNodeDataCostModel[testID:26,t1:{a{b{c}{d{e{f}{g}}{h}}}{i}},t2:{e{f}{g}},d:6]" classname="CorrectnessTest" time="0.0"/>
  <testcase name="distanceUnitCostStringNodeDataCostModelSpfL[testID:26,t1:{a{b{c}{d{e{f}{g}}{h}}}{i}},t2:{e{f}{g}},d:6]" classname="CorrectnessTest" time="0.001"/>
  <testcase name="distanceUnitCostStringNodeDataCostModelSpfR[testID:26,t1:{a{b{c}{d{e{f}{g}}{h}}}{i}},t2:{e{f}{g}},d:6]" classname="CorrectnessTest" time="0.0"/>
  <testcase name="mappingCostUnitCostStringNodeDataCostModel[testID:26,t1:{a{b{c}{d{e{f}{g}}{h}}}{i}},t2:{e{f}{g}},d:6]" classname="CorrectnessTest" time="0.0"/>
  <testcase name="parsingBracketNotationToStringNodeData[testID:27,t1:{a{b}{c{d}{e{f}{g{h}{i}}}}},t2:{g{h}{i}},d:6]" classname="CorrectnessTest" time="0.0"/>
  <testcase name="distanceUnitCostStringNodeDataCostModel[testID:27,t1:{a{b}{c{d}{e{f}{g{h}{i}}}}},t2:{g{h}{i}},d:6]" classname="CorrectnessTest" time="0.0"/>
  <testcase name="distanceUnitCostStringNodeDataCostModelSpfL[testID:27,t1:{a{b}{c{d}{e{f}{g{h}{i}}}}},t2:{g{h}{i}},d:6]" classname="CorrectnessTest" time="0.001"/>
  <testcase name="distanceUnitCostStringNodeDataCostModelSpfR[testID:27,t1:{a{b}{c{d}{e{f}{g{h}{i}}}}},t2:{g{h}{i}},d:6]" classname="CorrectnessTest" time="0.0"/>
  <testcase name="mappingCostUnitCostStringNodeDataCostModel[testID:27,t1:{a{b}{c{d}{e{f}{g{h}{i}}}}},t2:{g{h}{i}},d:6]" classname="CorrectnessTest" time="0.001"/>
  <testcase name="parsingBracketNotationToStringNodeData[testID:28,t1:{a{b{d{f{h}{i}}{g}}{e}}{c}},t2:{f{h}{i}},d:6]" classname="CorrectnessTest" time="0.0"/>
  <testcase name="distanceUnitCostStringNodeDataCostModel[testID:28,t1:{a{b{d{f{h}{i}}{g}}{e}}{c}},t2:{f{h}{i}},d:6]" classname="CorrectnessTest" time="0.0"/>
  <testcase name="distanceUnitCostStringNodeDataCostModelSpfL[testID:28,t1:{a{b{d{f{h}{i}}{g}}{e}}{c}},t2:{f{h}{i}},d:6]" classname="CorrectnessTest" time="0.001"/>
  <testcase name="distanceUnitCostStringNodeDataCostModelSpfR[testID:28,t1:{a{b{d{f{h}{i}}{g}}{e}}{c}},t2:{f{h}{i}},d:6]" classname="CorrectnessTest" time="0.0"/>
  <testcase name="mappingCostUnitCostStringNodeDataCostModel[testID:28,t1:{a{b{d{f{h}{i}}{g}}{e}}{c}},t2:{f{h}{i}},d:6]" classname="CorrectnessTest" time="0.001"/>
  <testcase name="parsingBracketNotationToStringNodeData[testID:29,t1:{a{b}{c{d{f}{g{h}{i}}}{e}}},t2:{g{h}{i}},d:6]" classname="CorrectnessTest" time="0.0"/>
  <testcase name="distanceUnitCostStringNodeDataCostModel[testID:29,t1:{a{b}{c{d{f}{g{h}{i}}}{e}}},t2:{g{h}{i}},d:6]" classname="CorrectnessTest" time="0.0"/>
  <testcase name="distanceUnitCostStringNodeDataCostModelSpfL[testID:29,t1:{a{b}{c{d{f}{g{h}{i}}}{e}}},t2:{g{h}{i}},d:6]" classname="CorrectnessTest" time="0.0"/>
  <testcase name="distanceUnitCostStringNodeDataCostModelSpfR[testID:29,t1:{a{b}{c{d{f}{g{h}{i}}}{e}}},t2:{g{h}{i}},d:6]" classname="CorrectnessTest" time="0.065"/>
  <testcase name="mappingCostUnitCostStringNodeDataCostModel[testID:29,t1:{a{b}{c{d{f}{g{h}{i}}}{e}}},t2:{g{h}{i}},d:6]" classname="CorrectnessTest" time="0.0"/>
  <testcase name="parsingBracketNotationToStringNodeData[testID:30,t1:{b{d}{e}},t2:{g{h}{i}},d:3]" classname="CorrectnessTest" time="0.0"/>
  <testcase name="distanceUnitCostStringNodeDataCostModel[testID:30,t1:{b{d}{e}},t2:{g{h}{i}},d:3]" classname="CorrectnessTest" time="0.001"/>
  <testcase name="distanceUnitCostStringNodeDataCostModelSpfL[testID:30,t1:{b{d}{e}},t2:{g{h}{i}},d:3]" classname="CorrectnessTest" time="0.0"/>
  <testcase name="distanceUnitCostStringNodeDataCostModelSpfR[testID:30,t1:{b{d}{e}},t2:{g{h}{i}},d:3]" classname="CorrectnessTest" time="0.0"/>
  <testcase name="mappingCostUnitCostStringNodeDataCostModel[testID:30,t1:{b{d}{e}},t2:{g{h}{i}},d:3]" classname="CorrectnessTest" time="0.0"/>
  <testcase name="parsingBracketNotationToStringNodeData[testID:31,t1:{a{b{d}{e}}{c}},t2:{f{g{h}{i}}{k}},d:5]" classname="CorrectnessTest" time="0.0"/>
  <testcase name="distanceUnitCostStringNodeDataCostModel[testID:31,t1:{a{b{d}{e}}{c}},t2:{f{g{h}{i}}{k}},d:5]" classname="CorrectnessTest" time="0.0"/>
  <testcase name="distanceUnitCostStringNodeDataCostModelSpfL[testID:31,t1:{a{b{d}{e}}{c}},t2:{f{g{h}{i}}{k}},d:5]" classname="CorrectnessTest" time="0.0"/>
  <testcase name="distanceUnitCostStringNodeDataCostModelSpfR[testID:31,t1:{a{b{d}{e}}{c}},t2:{f{g{h}{i}}{k}},d:5]" classname="CorrectnessTest" time="0.001"/>
  <testcase name="mappingCostUnitCostStringNodeDataCostModel[testID:31,t1:{a{b{d}{e}}{c}},t2:{f{g{h}{i}}{k}},d:5]" classname="CorrectnessTest" time="0.0"/>
  <testcase name="parsingBracketNotationToStringNodeData[testID:32,t1:{f{d{a}{c{b}}}{e}},t2:{f{c{d{a}{b}}{e}}},d:2]" classname="CorrectnessTest" time="0.0"/>
  <testcase name="distanceUnitCostStringNodeDataCostModel[testID:32,t1:{f{d{a}{c{b}}}{e}},t2:{f{c{d{a}{b}}{e}}},d:2]" classname="CorrectnessTest" time="0.001"/>
  <testcase name="distanceUnitCostStringNodeDataCostModelSpfL[testID:32,t1:{f{d{a}{c{b}}}{e}},t2:{f{c{d{a}{b}}{e}}},d:2]" classname="CorrectnessTest" time="0.0"/>
  <testcase name="distanceUnitCostStringNodeDataCostModelSpfR[testID:32,t1:{f{d{a}{c{b}}}{e}},t2:{f{c{d{a}{b}}{e}}},d:2]" classname="CorrectnessTest" time="0.001"/>
  <testcase name="mappingCostUnitCostStringNodeDataCostModel[testID:32,t1:{f{d{a}{c{b}}}{e}},t2:{f{c{d{a}{b}}{e}}},d:2]" classname="CorrectnessTest" time="0.0"/>
  <testcase name="parsingBracketNotationToStringNodeData[testID:33,t1:{f{d{a}{c{b}}}{e}},t2:{f{c{d{a}{b}}}{x}},d:3]" classname="CorrectnessTest" time="0.001"/>
  <testcase name="distanceUnitCostStringNodeDataCostModel[testID:33,t1:{f{d{a}{c{b}}}{e}},t2:{f{c{d{a}{b}}}{x}},d:3]" classname="CorrectnessTest" time="0.0"/>
  <testcase name="distanceUnitCostStringNodeDataCostModelSpfL[testID:33,t1:{f{d{a}{c{b}}}{e}},t2:{f{c{d{a}{b}}}{x}},d:3]" classname="CorrectnessTest" time="0.001"/>
  <testcase name="distanceUnitCostStringNodeDataCostModelSpfR[testID:33,t1:{f{d{a}{c{b}}}{e}},t2:{f{c{d{a}{b}}}{x}},d:3]" classname="CorrectnessTest" time="0.0"/>
  <testcase name="mappingCostUnitCostStringNodeDataCostModel[testID:33,t1:{f{d{a}{c{b}}}{e}},t2:{f{c{d{a}{b}}}{x}},d:3]" classname="CorrectnessTest" time="0.0"/>
  <testcase name="parsingBracketNotationToStringNodeData[testID:34,t1:{f{d{a}{c{b}}}{e}},t2:{f{c{d{a}{b}}}{e}},d:2]" classname="CorrectnessTest" time="0.0"/>
  <testcase name="distanceUnitCostStringNodeDataCostModel[testID:34,t1:{f{d{a}{c{b}}}{e}},t2:{f{c{d{a}{b}}}{e}},d:2]" classname="CorrectnessTest" time="0.0"/>
  <testcase name="distanceUnitCostStringNodeDataCostModelSpfL[testID:34,t1:{f{d{a}{c{b}}}{e}},t2:{f{c{d{a}{b}}}{e}},d:2]" classname="CorrectnessTest" time="0.001"/>
  <testcase name="distanceUnitCostStringNodeDataCostModelSpfR[testID:34,t1:{f{d{a}{c{b}}}{e}},t2:{f{c{d{a}{b}}}{e}},d:2]" classname="CorrectnessTest" time="0.0"/>
  <testcase name="mappingCostUnitCostStringNodeDataCostModel[testID:34,t1:{f{d{a}{c{b}}}{e}},t2:{f{c{d{a}{b}}}{e}},d:2]" classname="CorrectnessTest" time="0.001"/>
  <testcase name="parsingBracketNotationToStringNodeData[testID:35,t1:{a{a{a}{a}}},t2:{a{a{a}}},d:1]" classname="CorrectnessTest" time="0.0"/>
  <testcase name="distanceUnitCostStringNodeDataCostModel[testID:35,t1:{a{a{a}{a}}},t2:{a{a{a}}},d:1]" classname="CorrectnessTest" time="0.0"/>
  <testcase name="distanceUnitCostStringNodeDataCostModelSpfL[testID:35,t1:{a{a{a}{a}}},t2:{a{a{a}}},d:1]" classname="CorrectnessTest" time="0.0"/>
  <testcase name="distanceUnitCostStringNodeDataCostModelSpfR[testID:35,t1:{a{a{a}{a}}},t2:{a{a{a}}},d:1]" classname="CorrectnessTest" time="0.001"/>
  <testcase name="mappingCostUnitCostStringNodeDataCostModel[testID:35,t1:{a{a{a}{a}}},t2:{a{a{a}}},d:1]" classname="CorrectnessTest" time="0.0"/>
  <testcase name="parsingBracketNotationToStringNodeData[testID:36,t1:{a{b}{c{d}{e}}},t2:{a{b{c}}{d}{e}},d:2]" classname="CorrectnessTest" time="0.0"/>
  <testcase name="distanceUnitCostStringNodeDataCostModel[testID:36,t1:{a{b}{c{d}{e}}},t2:{a{b{c}}{d}{e}},d:2]" classname="CorrectnessTest" time="0.0"/>
  <testcase name="distanceUnitCostStringNodeDataCostModelSpfL[testID:36,t1:{a{b}{c{d}{e}}},t2:{a{b{c}}{d}{e}},d:2]" classname="CorrectnessTest" time="0.001"/>
  <testcase name="distanceUnitCostStringNodeDataCostModelSpfR[testID:36,t1:{a{b}{c{d}{e}}},t2:{a{b{c}}{d}{e}},d:2]" classname="CorrectnessTest" time="0.0"/>
  <testcase name="mappingCostUnitCostStringNodeDataCostModel[testID:36,t1:{a{b}{c{d}{e}}},t2:{a{b{c}}{d}{e}},d:2]" classname="CorrectnessTest" time="0.0"/>
  <testcase name="parsingBracketNotationToStringNodeData[testID:37,t1:{a{b{c}{d{e}{f}}}{x}},t2:{b{c}{d{e}{f}}},d:2]" classname="CorrectnessTest" time="0.001"/>
  <testcase name="distanceUnitCostStringNodeDataCostModel[testID:37,t1:{a{b{c}{d{e}{f}}}{x}},t2:{b{c}{d{e}{f}}},d:2]" classname="CorrectnessTest" time="0.0"/>
  <testcase name="distanceUnitCostStringNodeDataCostModelSpfL[testID:37,t1:{a{b{c}{d{e}{f}}}{x}},t2:{b{c}{d{e}{f}}},d:2]" classname="CorrectnessTest" time="0.001"/>
  <testcase name="distanceUnitCostStringNodeDataCostModelSpfR[testID:37,t1:{a{b{c}{d{e}{f}}}{x}},t2:{b{c}{d{e}{f}}},d:2]" classname="CorrectnessTest" time="0.0"/>
  <testcase name="mappingCostUnitCostStringNodeDataCostModel[testID:37,t1:{a{b{c}{d{e}{f}}}{x}},t2:{b{c}{d{e}{f}}},d:2]" classname="CorrectnessTest" time="0.0"/>
  <testcase name="parsingBracketNotationToStringNodeData[testID:38,t1:{a{b{c}{d{e}{f}}}},t2:{b{c}{d{e}{f}}},d:1]" classname="CorrectnessTest" time="0.0"/>
  <testcase name="distanceUnitCostStringNodeDataCostModel[testID:38,t1:{a{b{c}{d{e}{f}}}},t2:{b{c}{d{e}{f}}},d:1]" classname="CorrectnessTest" time="0.0"/>
  <testcase name="distanceUnitCostStringNodeDataCostModelSpfL[testID:38,t1:{a{b{c}{d{e}{f}}}},t2:{b{c}{d{e}{f}}},d:1]" classname="CorrectnessTest" time="0.001"/>
  <testcase name="distanceUnitCostStringNodeDataCostModelSpfR[testID:38,t1:{a{b{c}{d{e}{f}}}},t2:{b{c}{d{e}{f}}},d:1]" classname="CorrectnessTest" time="0.0"/>
  <testcase name="mappingCostUnitCostStringNodeDataCostModel[testID:38,t1:{a{b{c}{d{e}{f}}}},t2:{b{c}{d{e}{f}}},d:1]" classname="CorrectnessTest" time="0.0"/>
  <testcase name="parsingBracketNotationToStringNodeData[testID:39,t1:{a{b{c}{d{e}{f}}}},t2:{a{c}{e}{f}},d:2]" classname="CorrectnessTest" time="0.0"/>
  <testcase name="distanceUnitCostStringNodeDataCostModel[testID:39,t1:{a{b{c}{d{e}{f}}}},t2:{a{c}{e}{f}},d:2]" classname="CorrectnessTest" time="0.0"/>
  <testcase name="distanceUnitCostStringNodeDataCostModelSpfL[testID:39,t1:{a{b{c}{d{e}{f}}}},t2:{a{c}{e}{f}},d:2]" classname="CorrectnessTest" time="0.0"/>
  <testcase name="distanceUnitCostStringNodeDataCostModelSpfR[testID:39,t1:{a{b{c}{d{e}{f}}}},t2:{a{c}{e}{f}},d:2]" classname="CorrectnessTest" time="0.0"/>
  <testcase name="mappingCostUnitCostStringNodeDataCostModel[testID:39,t1:{a{b{c}{d{e}{f}}}},t2:{a{c}{e}{f}},d:2]" classname="CorrectnessTest" time="0.0"/>
  <testcase name="parsingBracketNotationToStringNodeData[testID:40,t1:{a{b{c}{d}}},t2:{a{c}{d}},d:1]" classname="CorrectnessTest" time="0.0"/>
  <testcase name="distanceUnitCostStringNodeDataCostModel[testID:40,t1:{a{b{c}{d}}},t2:{a{c}{d}},d:1]" classname="CorrectnessTest" time="0.0"/>
  <testcase name="distanceUnitCostStringNodeDataCostModelSpfL[testID:40,t1:{a{b{c}{d}}},t2:{a{c}{d}},d:1]" classname="CorrectnessTest" time="0.0"/>
  <testcase name="distanceUnitCostStringNodeDataCostModelSpfR[testID:40,t1:{a{b{c}{d}}},t2:{a{c}{d}},d:1]" classname="CorrectnessTest" time="0.0"/>
  <testcase name="mappingCostUnitCostStringNodeDataCostModel[testID:40,t1:{a{b{c}{d}}},t2:{a{c}{d}},d:1]" classname="CorrectnessTest" time="0.0"/>
  <testcase name="parsingBracketNotationToStringNodeData[testID:41,t1:{a{b{c}}{d}},t2:{b{c}{a{d}}},d:3]" classname="CorrectnessTest" time="0.0"/>
  <testcase name="distanceUnitCostStringNodeDataCostModel[testID:41,t1:{a{b{c}}{d}},t2:{b{c}{a{d}}},d:3]" classname="CorrectnessTest" time="0.0"/>
  <testcase name="distanceUnitCostStringNodeDataCostModelSpfL[testID:41,t1:{a{b{c}}{d}},t2:{b{c}{a{d}}},d:3]" classname="CorrectnessTest" time="0.001"/>
  <testcase name="distanceUnitCostStringNodeDataCostModelSpfR[testID:41,t1:{a{b{c}}{d}},t2:{b{c}{a{d}}},d:3]" classname="CorrectnessTest" time="0.0"/>
  <testcase name="mappingCostUnitCostStringNodeDataCostModel[testID:41,t1:{a{b{c}}{d}},t2:{b{c}{a{d}}},d:3]" classname="CorrectnessTest" time="0.0"/>
  <testcase name="parsingBracketNotationToStringNodeData[testID:42,t1:{a{b}{c}},t2:{b{c}},d:2]" classname="CorrectnessTest" time="0.0"/>
  <testcase name="distanceUnitCostStringNodeDataCostModel[testID:42,t1:{a{b}{c}},t2:{b{c}},d:2]" classname="CorrectnessTest" time="0.0"/>
  <testcase name="distanceUnitCostStringNodeDataCostModelSpfL[testID:42,t1:{a{b}{c}},t2:{b{c}},d:2]" classname="CorrectnessTest" time="0.001"/>
  <testcase name="distanceUnitCostStringNodeDataCostModelSpfR[testID:42,t1:{a{b}{c}},t2:{b{c}},d:2]" classname="CorrectnessTest" time="0.0"/>
  <testcase name="mappingCostUnitCostStringNodeDataCostModel[testID:42,t1:{a{b}{c}},t2:{b{c}},d:2]" classname="CorrectnessTest" time="0.0"/>
  <testcase name="parsingBracketNotationToStringNodeData[testID:43,t1:{a{b}{c}},t2:{b},d:2]" classname="CorrectnessTest" time="0.0"/>
  <testcase name="distanceUnitCostStringNodeDataCostModel[testID:43,t1:{a{b}{c}},t2:{b},d:2]" classname="CorrectnessTest" time="0.0"/>
  <testcase name="distanceUnitCostStringNodeDataCostModelSpfL[testID:43,t1:{a{b}{c}},t2:{b},d:2]" classname="CorrectnessTest" time="0.0"/>
  <testcase name="distanceUnitCostStringNodeDataCostModelSpfR[testID:43,t1:{a{b}{c}},t2:{b},d:2]" classname="CorrectnessTest" time="0.0"/>
  <testcase name="mappingCostUnitCostStringNodeDataCostModel[testID:43,t1:{a{b}{c}},t2:{b},d:2]" classname="CorrectnessTest" time="0.001"/>
  <testcase name="parsingBracketNotationToStringNodeData[testID:44,t1:{a{b}},t2:{b},d:1]" classname="CorrectnessTest" time="0.0"/>
  <testcase name="distanceUnitCostStringNodeDataCostModel[testID:44,t1:{a{b}},t2:{b},d:1]" classname="CorrectnessTest" time="0.0"/>
  <testcase name="distanceUnitCostStringNodeDataCostModelSpfL[testID:44,t1:{a{b}},t2:{b},d:1]" classname="CorrectnessTest" time="0.0"/>
  <testcase name="distanceUnitCostStringNodeDataCostModelSpfR[testID:44,t1:{a{b}},t2:{b},d:1]" classname="CorrectnessTest" time="0.0"/>
  <testcase name="mappingCostUnitCostStringNodeDataCostModel[testID:44,t1:{a{b}},t2:{b},d:1]" classname="CorrectnessTest" time="0.0"/>
  <testcase name="parsingBracketNotationToStringNodeData[testID:45,t1:{a{b}{c}},t2:{x},d:3]" classname="CorrectnessTest" time="0.0"/>
  <testcase name="distanceUnitCostStringNodeDataCostModel[testID:45,t1:{a{b}{c}},t2:{x},d:3]" classname="CorrectnessTest" time="0.0"/>
  <testcase name="distanceUnitCostStringNodeDataCostModelSpfL[testID:45,t1:{a{b}{c}},t2:{x},d:3]" classname="CorrectnessTest" time="0.0"/>
  <testcase name="distanceUnitCostStringNodeDataCostModelSpfR[testID:45,t1:{a{b}{c}},t2:{x},d:3]" classname="CorrectnessTest" time="0.0"/>
  <testcase name="mappingCostUnitCostStringNodeDataCostModel[testID:45,t1:{a{b}{c}},t2:{x},d:3]" classname="CorrectnessTest" time="0.0"/>
  <testcase name="parsingBracketNotationToStringNodeData[testID:46,t1:{a{b}{c}},t2:{a},d:2]" classname="CorrectnessTest" time="0.0"/>
  <testcase name="distanceUnitCostStringNodeDataCostModel[testID:46,t1:{a{b}{c}},t2:{a},d:2]" classname="CorrectnessTest" time="0.0"/>
  <testcase name="distanceUnitCostStringNodeDataCostModelSpfL[testID:46,t1:{a{b}{c}},t2:{a},d:2]" classname="CorrectnessTest" time="0.0"/>
  <testcase name="distanceUnitCostStringNodeDataCostModelSpfR[testID:46,t1:{a{b}{c}},t2:{a},d:2]" classname="CorrectnessTest" time="0.0"/>
  <testcase name="mappingCostUnitCostStringNodeDataCostModel[testID:46,t1:{a{b}{c}},t2:{a},d:2]" classname="CorrectnessTest" time="0.0"/>
  <testcase name="parsingBracketNotationToStringNodeData[testID:47,t1:{a{b}},t2:{x{z}},d:2]" classname="CorrectnessTest" time="0.0"/>
  <testcase name="distanceUnitCostStringNodeDataCostModel[testID:47,t1:{a{b}},t2:{x{z}},d:2]" classname="CorrectnessTest" time="0.001"/>
  <testcase name="distanceUnitCostStringNodeDataCostModelSpfL[testID:47,t1:{a{b}},t2:{x{z}},d:2]" classname="CorrectnessTest" time="0.0"/>
  <testcase name="distanceUnitCostStringNodeDataCostModelSpfR[testID:47,t1:{a{b}},t2:{x{z}},d:2]" classname="CorrectnessTest" time="0.0"/>
  <testcase name="mappingCostUnitCostStringNodeDataCostModel[testID:47,t1:{a{b}},t2:{x{z}},d:2]" classname="CorrectnessTest" time="0.0"/>
  <testcase name="parsingBracketNotationToStringNodeData[testID:48,t1:{a{b}},t2:{a{b}},d:0]" classname="CorrectnessTest" time="0.0"/>
  <testcase name="distanceUnitCostStringNodeDataCostModel[testID:48,t1:{a{b}},t2:{a{b}},d:0]" classname="CorrectnessTest" time="0.0"/>
  <testcase name="distanceUnitCostStringNodeDataCostModelSpfL[testID:48,t1:{a{b}},t2:{a{b}},d:0]" classname="CorrectnessTest" time="0.0"/>
  <testcase name="distanceUnitCostStringNodeDataCostModelSpfR[testID:48,t1:{a{b}},t2:{a{b}},d:0]" classname="CorrectnessTest" time="0.0"/>
  <testcase name="mappingCostUnitCostStringNodeDataCostModel[testID:48,t1:{a{b}},t2:{a{b}},d:0]" classname="CorrectnessTest" time="0.0"/>
  <testcase name="parsingBracketNotationToStringNodeData[testID:49,t1:{a{b}},t2:{x},d:2]" classname="CorrectnessTest" time="0.0"/>
  <testcase name="distanceUnitCostStringNodeDataCostModel[testID:49,t1:{a{b}},t2:{x},d:2]" classname="CorrectnessTest" time="0.0"/>
  <testcase name="distanceUnitCostStringNodeDataCostModelSpfL[testID:49,t1:{a{b}},t2:{x},d:2]" classname="CorrectnessTest" time="0.0"/>
  <testcase name="distanceUnitCostStringNodeDataCostModelSpfR[testID:49,t1:{a{b}},t2:{x},d:2]" classname="CorrectnessTest" time="0.0"/>
  <testcase name="mappingCostUnitCostStringNodeDataCostModel[testID:49,t1:{a{b}},t2:{x},d:2]" classname="CorrectnessTest" time="0.0"/>
  <testcase name="parsingBracketNotationToStringNodeData[testID:50,t1:{a{b}},t2:{a},d:1]" classname="CorrectnessTest" time="0.0"/>
  <testcase name="distanceUnitCostStringNodeDataCostModel[testID:50,t1:{a{b}},t2:{a},d:1]" classname="CorrectnessTest" time="0.0"/>
  <testcase name="distanceUnitCostStringNodeDataCostModelSpfL[testID:50,t1:{a{b}},t2:{a},d:1]" classname="CorrectnessTest" time="0.0"/>
  <testcase name="distanceUnitCostStringNodeDataCostModelSpfR[testID:50,t1:{a{b}},t2:{a},d:1]" classname="CorrectnessTest" time="0.0"/>
  <testcase name="mappingCostUnitCostStringNodeDataCostModel[testID:50,t1:{a{b}},t2:{a},d:1]" classname="CorrectnessTest" time="0.0"/>
  <testcase name="parsingBracketNotationToStringNodeData[testID:51,t1:{a},t2:{x},d:1]" classname="CorrectnessTest" time="0.0"/>
  <testcase name="distanceUnitCostStringNodeDataCostModel[testID:51,t1:{a},t2:{x},d:1]" classname="CorrectnessTest" time="0.0"/>
  <testcase name="distanceUnitCostStringNodeDataCostModelSpfL[testID:51,t1:{a},t2:{x},d:1]" classname="CorrectnessTest" time="0.0"/>
  <testcase name="distanceUnitCostStringNodeDataCostModelSpfR[testID:51,t1:{a},t2:{x},d:1]" classname="CorrectnessTest" time="0.0"/>
  <testcase name="mappingCostUnitCostStringNodeDataCostModel[testID:51,t1:{a},t2:{x},d:1]" classname="CorrectnessTest" time="0.0"/>
  <testcase name="parsingBracketNotationToStringNodeData[testID:52,t1:{a},t2:{a},d:0]" classname="CorrectnessTest" time="0.0"/>
  <testcase name="distanceUnitCostStringNodeDataCostModel[testID:52,t1:{a},t2:{a},d:0]" classname="CorrectnessTest" time="0.0"/>
  <testcase name="distanceUnitCostStringNodeDataCostModelSpfL[testID:52,t1:{a},t2:{a},d:0]" classname="CorrectnessTest" time="0.0"/>
  <testcase name="distanceUnitCostStringNodeDataCostModelSpfR[testID:52,t1:{a},t2:{a},d:0]" classname="CorrectnessTest" time="0.0"/>
  <testcase name="mappingCostUnitCostStringNodeDataCostModel[testID:52,t1:{a},t2:{a},d:0]" classname="CorrectnessTest" time="0.0"/>
  <testcase name="parsingBracketNotationToStringNodeData[testID:53,t1:{a},t2:{b},d:1]" classname="CorrectnessTest" time="0.0"/>
  <testcase name="distanceUnitCostStringNodeDataCostModel[testID:53,t1:{a},t2:{b},d:1]" classname="CorrectnessTest" time="0.0"/>
  <testcase name="distanceUnitCostStringNodeDataCostModelSpfL[testID:53,t1:{a},t2:{b},d:1]" classname="CorrectnessTest" time="0.0"/>
  <testcase name="distanceUnitCostStringNodeDataCostModelSpfR[testID:53,t1:{a},t2:{b},d:1]" classname="CorrectnessTest" time="0.0"/>
  <testcase name="mappingCostUnitCostStringNodeDataCostModel[testID:53,t1:{a},t2:{b},d:1]" classname="CorrectnessTest" time="0.0"/>
  <testcase name="parsingBracketNotationToStringNodeData[testID:54,t1:{a{b}},t2:{b},d:1]" classname="CorrectnessTest" time="0.0"/>
  <testcase name="distanceUnitCostStringNodeDataCostModel[testID:54,t1:{a{b}},t2:{b},d:1]" classname="CorrectnessTest" time="0.0"/>
  <testcase name="distanceUnitCostStringNodeDataCostModelSpfL[testID:54,t1:{a{b}},t2:{b},d:1]" classname="CorrectnessTest" time="0.0"/>
  <testcase name="distanceUnitCostStringNodeDataCostModelSpfR[testID:54,t1:{a{b}},t2:{b},d:1]" classname="CorrectnessTest" time="0.0"/>
  <testcase name="mappingCostUnitCostStringNodeDataCostModel[testID:54,t1:{a{b}},t2:{b},d:1]" classname="CorrectnessTest" time="0.0"/>
  <testcase name="parsingBracketNotationToStringNodeData[testID:55,t1:{a{b}{c}},t2:{b},d:2]" classname="CorrectnessTest" time="0.0"/>
  <testcase name="distanceUnitCostStringNodeDataCostModel[testID:55,t1:{a{b}{c}},t2:{b},d:2]" classname="CorrectnessTest" time="0.0"/>
  <testcase name="distanceUnitCostStringNodeDataCostModelSpfL[testID:55,t1:{a{b}{c}},t2:{b},d:2]" classname="CorrectnessTest" time="0.0"/>
  <testcase name="distanceUnitCostStringNodeDataCostModelSpfR[testID:55,t1:{a{b}{c}},t2:{b},d:2]" classname="CorrectnessTest" time="0.001"/>
  <testcase name="mappingCostUnitCostStringNodeDataCostModel[testID:55,t1:{a{b}{c}},t2:{b},d:2]" classname="CorrectnessTest" time="0.0"/>
  <testcase name="parsingBracketNotationToStringNodeData[testID:56,t1:{a{b}{c}},t2:{b{c}},d:2]" classname="CorrectnessTest" time="0.0"/>
  <testcase name="distanceUnitCostStringNodeDataCostModel[testID:56,t1:{a{b}{c}},t2:{b{c}},d:2]" classname="CorrectnessTest" time="0.0"/>
  <testcase name="distanceUnitCostStringNodeDataCostModelSpfL[testID:56,t1:{a{b}{c}},t2:{b{c}},d:2]" classname="CorrectnessTest" time="0.0"/>
  <testcase name="distanceUnitCostStringNodeDataCostModelSpfR[testID:56,t1:{a{b}{c}},t2:{b{c}},d:2]" classname="CorrectnessTest" time="0.0"/>
  <testcase name="mappingCostUnitCostStringNodeDataCostModel[testID:56,t1:{a{b}{c}},t2:{b{c}},d:2]" classname="CorrectnessTest" time="0.0"/>
  <testcase name="parsingBracketNotationToStringNodeData[testID:57,t1:{a{b{c}}{d}},t2:{b{c}{a{d}}},d:3]" classname="CorrectnessTest" time="0.001"/>
  <testcase name="distanceUnitCostStringNodeDataCostModel[testID:57,t1:{a{b{c}}{d}},t2:{b{c}{a{d}}},d:3]" classname="CorrectnessTest" time="0.0"/>
  <testcase name="distanceUnitCostStringNodeDataCostModelSpfL[testID:57,t1:{a{b{c}}{d}},t2:{b{c}{a{d}}},d:3]" classname="CorrectnessTest" time="0.0"/>
  <testcase name="distanceUnitCostStringNodeDataCostModelSpfR[testID:57,t1:{a{b{c}}{d}},t2:{b{c}{a{d}}},d:3]" classname="CorrectnessTest" time="0.0"/>
  <testcase name="mappingCostUnitCostStringNodeDataCostModel[testID:57,t1:{a{b{c}}{d}},t2:{b{c}{a{d}}},d:3]" classname="CorrectnessTest" time="0.001"/>
  <testcase name="parsingBracketNotationToStringNodeData[testID:58,t1:{a{b{c}{d}}},t2:{a{c}{d}},d:1]" classname="CorrectnessTest" time="0.0"/>
  <testcase name="distanceUnitCostStringNodeDataCostModel[testID:58,t1:{a{b{c}{d}}},t2:{a{c}{d}},d:1]" classname="CorrectnessTest" time="0.0"/>
  <testcase name="distanceUnitCostStringNodeDataCostModelSpfL[testID:58,t1:{a{b{c}{d}}},t2:{a{c}{d}},d:1]" classname="CorrectnessTest" time="0.0"/>
  <testcase name="distanceUnitCostStringNodeDataCostModelSpfR[testID:58,t1:{a{b{c}{d}}},t2:{a{c}{d}},d:1]" classname="CorrectnessTest" time="0.0"/>
  <testcase name="mappingCostUnitCostStringNodeDataCostModel[testID:58,t1:{a{b{c}{d}}},t2:{a{c}{d}},d:1]" classname="CorrectnessTest" time="0.001"/>
  <testcase name="parsingBracketNotationToStringNodeData[testID:59,t1:{a{b{c}{d{e}{f}}}},t2:{a{c}{e}{f}},d:2]" classname="CorrectnessTest" time="0.0"/>
  <testcase name="distanceUnitCostStringNodeDataCostModel[testID:59,t1:{a{b{c}{d{e}{f}}}},t2:{a{c}{e}{f}},d:2]" classname="CorrectnessTest" time="0.0"/>
  <testcase name="distanceUnitCostStringNodeDataCostModelSpfL[testID:59,t1:{a{b{c}{d{e}{f}}}},t2:{a{c}{e}{f}},d:2]" classname="CorrectnessTest" time="0.0"/>
  <testcase name="distanceUnitCostStringNodeDataCostModelSpfR[testID:59,t1:{a{b{c}{d{e}{f}}}},t2:{a{c}{e}{f}},d:2]" classname="CorrectnessTest" time="0.001"/>
  <testcase name="mappingCostUnitCostStringNodeDataCostModel[testID:59,t1:{a{b{c}{d{e}{f}}}},t2:{a{c}{e}{f}},d:2]" classname="CorrectnessTest" time="0.0"/>
  <testcase name="parsingBracketNotationToStringNodeData[testID:60,t1:{a{b{c}{d{e}{f}}}},t2:{b{c}{d{e}{f}}},d:1]" classname="CorrectnessTest" time="0.0"/>
  <testcase name="distanceUnitCostStringNodeDataCostModel[testID:60,t1:{a{b{c}{d{e}{f}}}},t2:{b{c}{d{e}{f}}},d:1]" classname="CorrectnessTest" time="0.001"/>
  <testcase name="distanceUnitCostStringNodeDataCostModelSpfL[testID:60,t1:{a{b{c}{d{e}{f}}}},t2:{b{c}{d{e}{f}}},d:1]" classname="CorrectnessTest" time="0.0"/>
  <testcase name="distanceUnitCostStringNodeDataCostModelSpfR[testID:60,t1:{a{b{c}{d{e}{f}}}},t2:{b{c}{d{e}{f}}},d:1]" classname="CorrectnessTest" time="0.065"/>
  <testcase name="mappingCostUnitCostStringNodeDataCostModel[testID:60,t1:{a{b{c}{d{e}{f}}}},t2:{b{c}{d{e}{f}}},d:1]" classname="CorrectnessTest" time="0.001"/>
  <testcase name="parsingBracketNotationToStringNodeData[testID:61,t1:{a{b{c}{d{e}{f}}}{x}},t2:{b{c}{d{e}{f}}},d:2]" classname="CorrectnessTest" time="0.0"/>
  <testcase name="distanceUnitCostStringNodeDataCostModel[testID:61,t1:{a{b{c}{d{e}{f}}}{x}},t2:{b{c}{d{e}{f}}},d:2]" classname="CorrectnessTest" time="0.0"/>
  <testcase name="distanceUnitCostStringNodeDataCostModelSpfL[testID:61,t1:{a{b{c}{d{e}{f}}}{x}},t2:{b{c}{d{e}{f}}},d:2]" classname="CorrectnessTest" time="0.0"/>
  <testcase name="distanceUnitCostStringNodeDataCostModelSpfR[testID:61,t1:{a{b{c}{d{e}{f}}}{x}},t2:{b{c}{d{e}{f}}},d:2]" classname="CorrectnessTest" time="0.0"/>
  <testcase name="mappingCostUnitCostStringNodeDataCostModel[testID:61,t1:{a{b{c}{d{e}{f}}}{x}},t2:{b{c}{d{e}{f}}},d:2]" classname="CorrectnessTest" time="0.001"/>
  <testcase name="parsingBracketNotationToStringNodeData[testID:62,t1:{a{b}{c{d}{e}}},t2:{a{b{c}}{d}{e}},d:2]" classname="CorrectnessTest" time="0.0"/>
  <testcase name="distanceUnitCostStringNodeDataCostModel[testID:62,t1:{a{b}{c{d}{e}}},t2:{a{b{c}}{d}{e}},d:2]" classname="CorrectnessTest" time="0.0"/>
  <testcase name="distanceUnitCostStringNodeDataCostModelSpfL[testID:62,t1:{a{b}{c{d}{e}}},t2:{a{b{c}}{d}{e}},d:2]" classname="CorrectnessTest" time="0.001"/>
  <testcase name="distanceUnitCostStringNodeDataCostModelSpfR[testID:62,t1:{a{b}{c{d}{e}}},t2:{a{b{c}}{d}{e}},d:2]" classname="CorrectnessTest" time="0.0"/>
  <testcase name="mappingCostUnitCostStringNodeDataCostModel[testID:62,t1:{a{b}{c{d}{e}}},t2:{a{b{c}}{d}{e}},d:2]" classname="CorrectnessTest" time="0.0"/>
  <testcase name="parsingBracketNotationToStringNodeData[testID:63,t1:{a{a{a}{a}}},t2:{a{a{a}}},d:1]" classname="CorrectnessTest" time="0.0"/>
  <testcase name="distanceUnitCostStringNodeDataCostModel[testID:63,t1:{a{a{a}{a}}},t2:{a{a{a}}},d:1]" classname="CorrectnessTest" time="0.0"/>
  <testcase name="distanceUnitCostStringNodeDataCostModelSpfL[testID:63,t1:{a{a{a}{a}}},t2:{a{a{a}}},d:1]" classname="CorrectnessTest" time="0.0"/>
  <testcase name="distanceUnitCostStringNodeDataCostModelSpfR[testID:63,t1:{a{a{a}{a}}},t2:{a{a{a}}},d:1]" classname="CorrectnessTest" time="0.0"/>
  <testcase name="mappingCostUnitCostStringNodeDataCostModel[testID:63,t1:{a{a{a}{a}}},t2:{a{a{a}}},d:1]" classname="CorrectnessTest" time="0.0"/>
  <testcase name="parsingBracketNotationToStringNodeData[testID:64,t1:{a{a{a}{a{a}{a}}}{a{a}{a{a}}{a}}},t2:{a{a{a}{a}{a}}{a{a{a}{a}{a}}}},d:3]" classname="CorrectnessTest" time="0.001"/>
  <testcase name="distanceUnitCostStringNodeDataCostModel[testID:64,t1:{a{a{a}{a{a}{a}}}{a{a}{a{a}}{a}}},t2:{a{a{a}{a}{a}}{a{a{a}{a}{a}}}},d:3]" classname="CorrectnessTest" time="0.001"/>
  <testcase name="distanceUnitCostStringNodeDataCostModelSpfL[testID:64,t1:{a{a{a}{a{a}{a}}}{a{a}{a{a}}{a}}},t2:{a{a{a}{a}{a}}{a{a{a}{a}{a}}}},d:3]" classname="CorrectnessTest" time="0.001"/>
  <testcase name="distanceUnitCostStringNodeDataCostModelSpfR[testID:64,t1:{a{a{a}{a{a}{a}}}{a{a}{a{a}}{a}}},t2:{a{a{a}{a}{a}}{a{a{a}{a}{a}}}},d:3]" classname="CorrectnessTest" time="0.001"/>
  <testcase name="mappingCostUnitCostStringNodeDataCostModel[testID:64,t1:{a{a{a}{a{a}{a}}}{a{a}{a{a}}{a}}},t2:{a{a{a}{a}{a}}{a{a{a}{a}{a}}}},d:3]" classname="CorrectnessTest" time="0.001"/>
  <testcase name="parsingBracketNotationToStringNodeData[testID:65,t1:{a{b{d}{e}}{c}},t2:{f{g{h}{i}}{k}},d:5]" classname="CorrectnessTest" time="0.0"/>
  <testcase name="distanceUnitCostStringNodeDataCostModel[testID:65,t1:{a{b{d}{e}}{c}},t2:{f{g{h}{i}}{k}},d:5]" classname="CorrectnessTest" time="0.001"/>
  <testcase name="distanceUnitCostStringNodeDataCostModelSpfL[testID:65,t1:{a{b{d}{e}}{c}},t2:{f{g{h}{i}}{k}},d:5]" classname="CorrectnessTest" time="0.0"/>
  <testcase name="distanceUnitCostStringNodeDataCostModelSpfR[testID:65,t1:{a{b{d}{e}}{c}},t2:{f{g{h}{i}}{k}},d:5]" classname="CorrectnessTest" time="0.0"/>
  <testcase name="mappingCostUnitCostStringNodeDataCostModel[testID:65,t1:{a{b{d}{e}}{c}},t2:{f{g{h}{i}}{k}},d:5]" classname="CorrectnessTest" time="0.0"/>
  <testcase name="parsingBracketNotationToStringNodeData[testID:66,t1:{a{b{c}{d{e}{f}}}},t2:{b{c}{e}{f}},d:2]" classname="CorrectnessTest" time="0.0"/>
  <testcase name="distanceUnitCostStringNodeDataCostModel[testID:66,t1:{a{b{c}{d{e}{f}}}},t2:{b{c}{e}{f}},d:2]" classname="CorrectnessTest" time="0.0"/>
  <testcase name="distanceUnitCostStringNodeDataCostModelSpfL[testID:66,t1:{a{b{c}{d{e}{f}}}},t2:{b{c}{e}{f}},d:2]" classname="CorrectnessTest" time="0.0"/>
  <testcase name="distanceUnitCostStringNodeDataCostModelSpfR[testID:66,t1:{a{b{c}{d{e}{f}}}},t2:{b{c}{e}{f}},d:2]" classname="CorrectnessTest" time="0.0"/>
  <testcase name="mappingCostUnitCostStringNodeDataCostModel[testID:66,t1:{a{b{c}{d{e}{f}}}},t2:{b{c}{e}{f}},d:2]" classname="CorrectnessTest" time="0.001"/>
  <testcase name="parsingBracketNotationToStringNodeData[testID:67,t1:{f{d{a}{c{b}}}{e}},t2:{f{c{d{a}{b}}}{e}},d:2]" classname="CorrectnessTest" time="0.0"/>
  <testcase name="distanceUnitCostStringNodeDataCostModel[testID:67,t1:{f{d{a}{c{b}}}{e}},t2:{f{c{d{a}{b}}}{e}},d:2]" classname="CorrectnessTest" time="0.0"/>
  <testcase name="distanceUnitCostStringNodeDataCostModelSpfL[testID:67,t1:{f{d{a}{c{b}}}{e}},t2:{f{c{d{a}{b}}}{e}},d:2]" classname="CorrectnessTest" time="0.001"/>
  <testcase name="distanceUnitCostStringNodeDataCostModelSpfR[testID:67,t1:{f{d{a}{c{b}}}{e}},t2:{f{c{d{a}{b}}}{e}},d:2]" classname="CorrectnessTest" time="0.0"/>
  <testcase name="mappingCostUnitCostStringNodeDataCostModel[testID:67,t1:{f{d{a}{c{b}}}{e}},t2:{f{c{d{a}{b}}}{e}},d:2]" classname="CorrectnessTest" time="0.0"/>
  <testcase name="parsingBracketNotationToStringNodeData[testID:68,t1:{f{d{a}{c{b}}}{e}},t2:{f{c{d{a}{b}}}{x}},d:3]" classname="CorrectnessTest" time="0.0"/>
  <testcase name="distanceUnitCostStringNodeDataCostModel[testID:68,t1:{f{d{a}{c{b}}}{e}},t2:{f{c{d{a}{b}}}{x}},d:3]" classname="CorrectnessTest" time="0.0"/>
  <testcase name="distanceUnitCostStringNodeDataCostModelSpfL[testID:68,t1:{f{d{a}{c{b}}}{e}},t2:{f{c{d{a}{b}}}{x}},d:3]" classname="CorrectnessTest" time="0.0"/>
  <testcase name="distanceUnitCostStringNodeDataCostModelSpfR[testID:68,t1:{f{d{a}{c{b}}}{e}},t2:{f{c{d{a}{b}}}{x}},d:3]" classname="CorrectnessTest" time="0.0"/>
  <testcase name="mappingCostUnitCostStringNodeDataCostModel[testID:68,t1:{f{d{a}{c{b}}}{e}},t2:{f{c{d{a}{b}}}{x}},d:3]" classname="CorrectnessTest" time="0.0"/>
  <testcase name="parsingBracketNotationToStringNodeData[testID:69,t1:{f{d{a}{c{b}}}{e}},t2:{f{c{d{a}{b}}{e}}},d:2]" classname="CorrectnessTest" time="0.0"/>
  <testcase name="distanceUnitCostStringNodeDataCostModel[testID:69,t1:{f{d{a}{c{b}}}{e}},t2:{f{c{d{a}{b}}{e}}},d:2]" classname="CorrectnessTest" time="0.001"/>
  <testcase name="distanceUnitCostStringNodeDataCostModelSpfL[testID:69,t1:{f{d{a}{c{b}}}{e}},t2:{f{c{d{a}{b}}{e}}},d:2]" classname="CorrectnessTest" time="0.0"/>
  <testcase name="distanceUnitCostStringNodeDataCostModelSpfR[testID:69,t1:{f{d{a}{c{b}}}{e}},t2:{f{c{d{a}{b}}{e}}},d:2]" classname="CorrectnessTest" time="0.0"/>
  <testcase name="mappingCostUnitCostStringNodeDataCostModel[testID:69,t1:{f{d{a}{c{b}}}{e}},t2:{f{c{d{a}{b}}{e}}},d:2]" classname="CorrectnessTest" time="0.0"/>
  <testcase name="parsingBracketNotationToStringNodeData[testID:70,t1:{2{6}{8{5{3{6}{3}{2}}}}{6}},t2:{1{2}{0}},d:8]" classname="CorrectnessTest" time="0.0"/>
  <testcase name="distanceUnitCostStringNodeDataCostModel[testID:70,t1:{2{6}{8{5{3{6}{3}{2}}}}{6}},t2:{1{2}{0}},d:8]" classname="CorrectnessTest" time="0.0"/>
  <testcase name="distanceUnitCostStringNodeDataCostModelSpfL[testID:70,t1:{2{6}{8{5{3{6}{3}{2}}}}{6}},t2:{1{2}{0}},d:8]" classname="CorrectnessTest" time="0.0"/>
  <testcase name="distanceUnitCostStringNodeDataCostModelSpfR[testID:70,t1:{2{6}{8{5{3{6}{3}{2}}}}{6}},t2:{1{2}{0}},d:8]" classname="CorrectnessTest" time="0.0"/>
  <testcase name="mappingCostUnitCostStringNodeDataCostModel[testID:70,t1:{2{6}{8{5{3{6}{3}{2}}}}{6}},t2:{1{2}{0}},d:8]" classname="CorrectnessTest" time="0.0"/>
  <testcase name="parsingBracketNotationToStringNodeData[testID:71,t1:{8{9{8{5}{9{6}{9}{7}}{0{6}}}{0}}},t2:{1{8}{4{4}{0{3{3{3}{0}}}}}},d:14]" classname="CorrectnessTest" time="0.0"/>
  <testcase name="distanceUnitCostStringNodeDataCostModel[testID:71,t1:{8{9{8{5}{9{6}{9}{7}}{0{6}}}{0}}},t2:{1{8}{4{4}{0{3{3{3}{0}}}}}},d:14]" classname="CorrectnessTest" time="0.001"/>
  <testcase name="distanceUnitCostStringNodeDataCostModelSpfL[testID:71,t1:{8{9{8{5}{9{6}{9}{7}}{0{6}}}{0}}},t2:{1{8}{4{4}{0{3{3{3}{0}}}}}},d:14]" classname="CorrectnessTest" time="0.001"/>
  <testcase name="distanceUnitCostStringNodeDataCostModelSpfR[testID:71,t1:{8{9{8{5}{9{6}{9}{7}}{0{6}}}{0}}},t2:{1{8}{4{4}{0{3{3{3}{0}}}}}},d:14]" classname="CorrectnessTest" time="0.0"/>
  <testcase name="mappingCostUnitCostStringNodeDataCostModel[testID:71,t1:{8{9{8{5}{9{6}{9}{7}}{0{6}}}{0}}},t2:{1{8}{4{4}{0{3{3{3}{0}}}}}},d:14]" classname="CorrectnessTest" time="0.001"/>
  <testcase name="parsingBracketNotationToStringNodeData[testID:72,t1:{1{1}},t2:{c{a{b{4{b}{0{3}}{0{c}{9}}}}{1}{a}}{7}{d}},d:13]" classname="CorrectnessTest" time="0.0"/>
  <testcase name="distanceUnitCostStringNodeDataCostModel[testID:72,t1:{1{1}},t2:{c{a{b{4{b}{0{3}}{0{c}{9}}}}{1}{a}}{7}{d}},d:13]" classname="CorrectnessTest" time="0.001"/>
  <testcase name="distanceUnitCostStringNodeDataCostModelSpfL[testID:72,t1:{1{1}},t2:{c{a{b{4{b}{0{3}}{0{c}{9}}}}{1}{a}}{7}{d}},d:13]" classname="CorrectnessTest" time="0.0"/>
  <testcase name="distanceUnitCostStringNodeDataCostModelSpfR[testID:72,t1:{1{1}},t2:{c{a{b{4{b}{0{3}}{0{c}{9}}}}{1}{a}}{7}{d}},d:13]" classname="CorrectnessTest" time="0.0"/>
  <testcase name="mappingCostUnitCostStringNodeDataCostModel[testID:72,t1:{1{1}},t2:{c{a{b{4{b}{0{3}}{0{c}{9}}}}{1}{a}}{7}{d}},d:13]" classname="CorrectnessTest" time="0.0"/>
  <testcase name="parsingBracketNotationToStringNodeData[testID:73,t1:{1{2{2{5}{7{6{7}}}}}{0}},t2:{0{2}{1}{1}},d:8]" classname="CorrectnessTest" time="0.0"/>
  <testcase name="distanceUnitCostStringNodeDataCostModel[testID:73,t1:{1{2{2{5}{7{6{7}}}}}{0}},t2:{0{2}{1}{1}},d:8]" classname="CorrectnessTest" time="0.001"/>
  <testcase name="distanceUnitCostStringNodeDataCostModelSpfL[testID:73,t1:{1{2{2{5}{7{6{7}}}}}{0}},t2:{0{2}{1}{1}},d:8]" classname="CorrectnessTest" time="0.0"/>
  <testcase name="distanceUnitCostStringNodeDataCostModelSpfR[testID:73,t1:{1{2{2{5}{7{6{7}}}}}{0}},t2:{0{2}{1}{1}},d:8]" classname="CorrectnessTest" time="0.0"/>
  <testcase name="mappingCostUnitCostStringNodeDataCostModel[testID:73,t1:{1{2{2{5}{7{6{7}}}}}{0}},t2:{0{2}{1}{1}},d:8]" classname="CorrectnessTest" time="0.001"/>
  <testcase name="parsingBracketNotationToStringNodeData[testID:74,t1:{7{1{3{c{j{c}{j}}{2{d}}{8{5}{a}{3}}}}}{m{2{c{e}{4}{b{h}{f}{k}}}}}{d}},t2:{1{1}},d:22]" classname="CorrectnessTest" time="0.0"/>
  <testcase name="distanceUnitCostStringNodeDataCostModel[testID:74,t1:{7{1{3{c{j{c}{j}}{2{d}}{8{5}{a}{3}}}}}{m{2{c{e}{4}{b{h}{f}{k}}}}}{d}},t2:{1{1}},d:22]" classname="CorrectnessTest" time="0.001"/>
  <testcase name="distanceUnitCostStringNodeDataCostModelSpfL[testID:74,t1:{7{1{3{c{j{c}{j}}{2{d}}{8{5}{a}{3}}}}}{m{2{c{e}{4}{b{h}{f}{k}}}}}{d}},t2:{1{1}},d:22]" classname="CorrectnessTest" time="0.0"/>
  <testcase name="distanceUnitCostStringNodeDataCostModelSpfR[testID:74,t1:{7{1{3{c{j{c}{j}}{2{d}}{8{5}{a}{3}}}}}{m{2{c{e}{4}{b{h}{f}{k}}}}}{d}},t2:{1{1}},d:22]" classname="CorrectnessTest" time="0.0"/>
  <testcase name="mappingCostUnitCostStringNodeDataCostModel[testID:74,t1:{7{1{3{c{j{c}{j}}{2{d}}{8{5}{a}{3}}}}}{m{2{c{e}{4}{b{h}{f}{k}}}}}{d}},t2:{1{1}},d:22]" classname="CorrectnessTest" time="0.0"/>
  <testcase name="parsingBracketNotationToStringNodeData[testID:75,t1:{1{1}{2}},t2:{3{8{4{3}{9{0}{4}{7}}}}{7}{8}},d:10]" classname="CorrectnessTest" time="0.0"/>
  <testcase name="distanceUnitCostStringNodeDataCostModel[testID:75,t1:{1{1}{2}},t2:{3{8{4{3}{9{0}{4}{7}}}}{7}{8}},d:10]" classname="CorrectnessTest" time="0.001"/>
  <testcase name="distanceUnitCostStringNodeDataCostModelSpfL[testID:75,t1:{1{1}{2}},t2:{3{8{4{3}{9{0}{4}{7}}}}{7}{8}},d:10]" classname="CorrectnessTest" time="0.0"/>
  <testcase name="distanceUnitCostStringNodeDataCostModelSpfR[testID:75,t1:{1{1}{2}},t2:{3{8{4{3}{9{0}{4}{7}}}}{7}{8}},d:10]" classname="CorrectnessTest" time="0.0"/>
  <testcase name="mappingCostUnitCostStringNodeDataCostModel[testID:75,t1:{1{1}{2}},t2:{3{8{4{3}{9{0}{4}{7}}}}{7}{8}},d:10]" classname="CorrectnessTest" time="0.001"/>
  <testcase name="parsingBracketNotationToStringNodeData[testID:77,t1:{1{3}{5{2{6}{5}{5}}}{5}},t2:{0{3}{2}{1}},d:6]" classname="CorrectnessTest" time="0.0"/>
  <testcase name="distanceUnitCostStringNodeDataCostModel[testID:77,t1:{1{3}{5{2{6}{5}{5}}}{5}},t2:{0{3}{2}{1}},d:6]" classname="CorrectnessTest" time="0.0"/>
  <testcase name="distanceUnitCostStringNodeDataCostModelSpfL[testID:77,t1:{1{3}{5{2{6}{5}{5}}}{5}},t2:{0{3}{2}{1}},d:6]" classname="CorrectnessTest" time="0.001"/>
  <testcase name="distanceUnitCostStringNodeDataCostModelSpfR[testID:77,t1:{1{3}{5{2{6}{5}{5}}}{5}},t2:{0{3}{2}{1}},d:6]" classname="CorrectnessTest" time="0.0"/>
  <testcase name="mappingCostUnitCostStringNodeDataCostModel[testID:77,t1:{1{3}{5{2{6}{5}{5}}}{5}},t2:{0{3}{2}{1}},d:6]" classname="CorrectnessTest" time="0.0"/>
  <testcase name="parsingBracketNotationToStringNodeData[testID:78,t1:{3{8{n{q}{3{i{r}}}}{p{n{4}{n{s}{l}}}}}{n{3{e{h}{g}{m{j}{6}}}}{a}{r}}{2{p{j{n{f}}}}{n}}},t2:{0{1}},d:29]" classname="CorrectnessTest" time="0.001"/>
  <testcase name="distanceUnitCostStringNodeDataCostModel[testID:78,t1:{3{8{n{q}{3{i{r}}}}{p{n{4}{n{s}{l}}}}}{n{3{e{h}{g}{m{j}{6}}}}{a}{r}}{2{p{j{n{f}}}}{n}}},t2:{0{1}},d:29]" classname="CorrectnessTest" time="0.001"/>
  <testcase name="distanceUnitCostStringNodeDataCostModelSpfL[testID:78,t1:{3{8{n{q}{3{i{r}}}}{p{n{4}{n{s}{l}}}}}{n{3{e{h}{g}{m{j}{6}}}}{a}{r}}{2{p{j{n{f}}}}{n}}},t2:{0{1}},d:29]" classname="CorrectnessTest" time="0.001"/>
  <testcase name="distanceUnitCostStringNodeDataCostModelSpfR[testID:78,t1:{3{8{n{q}{3{i{r}}}}{p{n{4}{n{s}{l}}}}}{n{3{e{h}{g}{m{j}{6}}}}{a}{r}}{2{p{j{n{f}}}}{n}}},t2:{0{1}},d:29]" classname="CorrectnessTest" time="0.0"/>
  <testcase name="mappingCostUnitCostStringNodeDataCostModel[testID:78,t1:{3{8{n{q}{3{i{r}}}}{p{n{4}{n{s}{l}}}}}{n{3{e{h}{g}{m{j}{6}}}}{a}{r}}{2{p{j{n{f}}}}{n}}},t2:{0{1}},d:29]" classname="CorrectnessTest" time="0.001"/>
  <system-out><![CDATA[]]></system-out>
  <system-err><![CDATA[]]></system-err>
</testsuite>
