<?xml version="1.0" encoding="UTF-8"?>
<testsuite name="PerEditOperationCorrectnessTest" tests="75" skipped="0" failures="0" errors="0" timestamp="2024-11-21T22:11:40" hostname="gl-login2.arc-ts.umich.edu" time="0.585">
  <properties/>
  <testcase name="distancePerEditOperationStringNodeDataCostModel[testID:1,t1:{f{a}{e{c{b}}{d}}},t2:{f{a}{c{e{b}{d}}}},d:2]" classname="PerEditOperationCorrectnessTest" time="0.133"/>
  <testcase name="distancePerEditOperationStringNodeDataCostModel[testID:2,t1:{a{b}{c{e}{f}}{d}},t2:{a{b}{c{e}}{d}},d:1]" classname="PerEditOperationCorrectnessTest" time="0.016"/>
  <testcase name="distancePerEditOperationStringNodeDataCostModel[testID:3,t1:{a{b}{c{e}{f}}{d}},t2:{a{b}{c}{d}},d:2]" classname="PerEditOperationCorrectnessTest" time="0.003"/>
  <testcase name="distancePerEditOperationStringNodeDataCostModel[testID:4,t1:{a{x}{c{e}{f}}{d}},t2:{a{b}{c}{d}},d:3]" classname="PerEditOperationCorrectnessTest" time="0.004"/>
  <testcase name="distancePerEditOperationStringNodeDataCostModel[testID:5,t1:{a{b}{c{e}{f}}{d}},t2:{a{b}{c}},d:3]" classname="PerEditOperationCorrectnessTest" time="0.013"/>
  <testcase name="distancePerEditOperationStringNodeDataCostModel[testID:6,t1:{a{b{i}{j{u}}}{c{d}{e{q{n}{m}}}}{f{w}}},t2:{a},d:12]" classname="PerEditOperationCorrectnessTest" time="0.001"/>
  <testcase name="distancePerEditOperationStringNodeDataCostModel[testID:7,t1:{a{b{i}{j{u}}}{c{d}{e{q{n}{m}}}}{f{w}}},t2:{x},d:13]" classname="PerEditOperationCorrectnessTest" time="0.0"/>
  <testcase name="distancePerEditOperationStringNodeDataCostModel[testID:8,t1:{a{b{i}{j{u}}}{c{d}{e}}{f{w}}},t2:{x},d:10]" classname="PerEditOperationCorrectnessTest" time="0.001"/>
  <testcase name="distancePerEditOperationStringNodeDataCostModel[testID:9,t1:{a{b}{c{e}{f}}{d}},t2:{a{b}{c{e}{f}}{d}},d:0]" classname="PerEditOperationCorrectnessTest" time="0.043"/>
  <testcase name="distancePerEditOperationStringNodeDataCostModel[testID:10,t1:{a{b{i}{j}}{c{d}{e}}{f{w}}},t2:{x},d:9]" classname="PerEditOperationCorrectnessTest" time="0.0"/>
  <testcase name="distancePerEditOperationStringNodeDataCostModel[testID:11,t1:{a{b{i}}{c{d}{e}}{f{w}}},t2:{x},d:8]" classname="PerEditOperationCorrectnessTest" time="0.0"/>
  <testcase name="distancePerEditOperationStringNodeDataCostModel[testID:12,t1:{a{b}{c{d}{e}}{f{w}}},t2:{x},d:7]" classname="PerEditOperationCorrectnessTest" time="0.0"/>
  <testcase name="distancePerEditOperationStringNodeDataCostModel[testID:13,t1:{a{b}{c{d}{e}}{f}},t2:{x},d:6]" classname="PerEditOperationCorrectnessTest" time="0.0"/>
  <testcase name="distancePerEditOperationStringNodeDataCostModel[testID:14,t1:{a{m}{r}{d}{e{z}{i}{l}{t{o}{k}{g}{h}}}},t2:{x},d:13]" classname="PerEditOperationCorrectnessTest" time="0.0"/>
  <testcase name="distancePerEditOperationStringNodeDataCostModel[testID:15,t1:{a{m{z{o}{k}{g}{h}}{i}{l}{t}}{r}{d}{e}},t2:{x},d:13]" classname="PerEditOperationCorrectnessTest" time="0.0"/>
  <testcase name="distancePerEditOperationStringNodeDataCostModel[testID:16,t1:{a{r}{d}{e{i}{l}{t{k}{g}{h}}}},t2:{x},d:10]" classname="PerEditOperationCorrectnessTest" time="0.0"/>
  <testcase name="distancePerEditOperationStringNodeDataCostModel[testID:17,t1:{x},t2:{a{r}{d}{e{i}{l}{t{k}{g}{h}}}},d:10]" classname="PerEditOperationCorrectnessTest" time="0.0"/>
  <testcase name="distancePerEditOperationStringNodeDataCostModel[testID:18,t1:{a{r}{d}{e{s}{t}}},t2:{x},d:6]" classname="PerEditOperationCorrectnessTest" time="0.0"/>
  <testcase name="distancePerEditOperationStringNodeDataCostModel[testID:19,t1:{x},t2:{a{d}{e{l}{t{g}{h}}}},d:7]" classname="PerEditOperationCorrectnessTest" time="0.0"/>
  <testcase name="distancePerEditOperationStringNodeDataCostModel[testID:20,t1:{a{d}{e{l}{t{g}{h}}}},t2:{x},d:7]" classname="PerEditOperationCorrectnessTest" time="0.0"/>
  <testcase name="distancePerEditOperationStringNodeDataCostModel[testID:21,t1:{a{d}{e}{f}{l}{t}},t2:{f},d:5]" classname="PerEditOperationCorrectnessTest" time="0.0"/>
  <testcase name="distancePerEditOperationStringNodeDataCostModel[testID:22,t1:{a{d}{e}{f}{l}{t}},t2:{a},d:5]" classname="PerEditOperationCorrectnessTest" time="0.001"/>
  <testcase name="distancePerEditOperationStringNodeDataCostModel[testID:23,t1:{a{d}{e}{f}{l}{t}},t2:{x},d:6]" classname="PerEditOperationCorrectnessTest" time="0.0"/>
  <testcase name="distancePerEditOperationStringNodeDataCostModel[testID:24,t1:{a{d}{e}{f}},t2:{x},d:4]" classname="PerEditOperationCorrectnessTest" time="0.0"/>
  <testcase name="distancePerEditOperationStringNodeDataCostModel[testID:25,t1:{x},t2:{a{d}{e}{f}},d:4]" classname="PerEditOperationCorrectnessTest" time="0.0"/>
  <testcase name="distancePerEditOperationStringNodeDataCostModel[testID:26,t1:{a{b{c}{d{e{f}{g}}{h}}}{i}},t2:{e{f}{g}},d:6]" classname="PerEditOperationCorrectnessTest" time="0.004"/>
  <testcase name="distancePerEditOperationStringNodeDataCostModel[testID:27,t1:{a{b}{c{d}{e{f}{g{h}{i}}}}},t2:{g{h}{i}},d:6]" classname="PerEditOperationCorrectnessTest" time="0.003"/>
  <testcase name="distancePerEditOperationStringNodeDataCostModel[testID:28,t1:{a{b{d{f{h}{i}}{g}}{e}}{c}},t2:{f{h}{i}},d:6]" classname="PerEditOperationCorrectnessTest" time="0.003"/>
  <testcase name="distancePerEditOperationStringNodeDataCostModel[testID:29,t1:{a{b}{c{d{f}{g{h}{i}}}{e}}},t2:{g{h}{i}},d:6]" classname="PerEditOperationCorrectnessTest" time="0.004"/>
  <testcase name="distancePerEditOperationStringNodeDataCostModel[testID:30,t1:{b{d}{e}},t2:{g{h}{i}},d:3]" classname="PerEditOperationCorrectnessTest" time="0.0"/>
  <testcase name="distancePerEditOperationStringNodeDataCostModel[testID:31,t1:{a{b{d}{e}}{c}},t2:{f{g{h}{i}}{k}},d:5]" classname="PerEditOperationCorrectnessTest" time="0.004"/>
  <testcase name="distancePerEditOperationStringNodeDataCostModel[testID:32,t1:{f{d{a}{c{b}}}{e}},t2:{f{c{d{a}{b}}{e}}},d:2]" classname="PerEditOperationCorrectnessTest" time="0.039"/>
  <testcase name="distancePerEditOperationStringNodeDataCostModel[testID:33,t1:{f{d{a}{c{b}}}{e}},t2:{f{c{d{a}{b}}}{x}},d:3]" classname="PerEditOperationCorrectnessTest" time="0.039"/>
  <testcase name="distancePerEditOperationStringNodeDataCostModel[testID:34,t1:{f{d{a}{c{b}}}{e}},t2:{f{c{d{a}{b}}}{e}},d:2]" classname="PerEditOperationCorrectnessTest" time="0.02"/>
  <testcase name="distancePerEditOperationStringNodeDataCostModel[testID:35,t1:{a{a{a}{a}}},t2:{a{a{a}}},d:1]" classname="PerEditOperationCorrectnessTest" time="0.0"/>
  <testcase name="distancePerEditOperationStringNodeDataCostModel[testID:36,t1:{a{b}{c{d}{e}}},t2:{a{b{c}}{d}{e}},d:2]" classname="PerEditOperationCorrectnessTest" time="0.002"/>
  <testcase name="distancePerEditOperationStringNodeDataCostModel[testID:37,t1:{a{b{c}{d{e}{f}}}{x}},t2:{b{c}{d{e}{f}}},d:2]" classname="PerEditOperationCorrectnessTest" time="0.014"/>
  <testcase name="distancePerEditOperationStringNodeDataCostModel[testID:38,t1:{a{b{c}{d{e}{f}}}},t2:{b{c}{d{e}{f}}},d:1]" classname="PerEditOperationCorrectnessTest" time="0.006"/>
  <testcase name="distancePerEditOperationStringNodeDataCostModel[testID:39,t1:{a{b{c}{d{e}{f}}}},t2:{a{c}{e}{f}},d:2]" classname="PerEditOperationCorrectnessTest" time="0.003"/>
  <testcase name="distancePerEditOperationStringNodeDataCostModel[testID:40,t1:{a{b{c}{d}}},t2:{a{c}{d}},d:1]" classname="PerEditOperationCorrectnessTest" time="0.0"/>
  <testcase name="distancePerEditOperationStringNodeDataCostModel[testID:41,t1:{a{b{c}}{d}},t2:{b{c}{a{d}}},d:3]" classname="PerEditOperationCorrectnessTest" time="0.001"/>
  <testcase name="distancePerEditOperationStringNodeDataCostModel[testID:42,t1:{a{b}{c}},t2:{b{c}},d:2]" classname="PerEditOperationCorrectnessTest" time="0.0"/>
  <testcase name="distancePerEditOperationStringNodeDataCostModel[testID:43,t1:{a{b}{c}},t2:{b},d:2]" classname="PerEditOperationCorrectnessTest" time="0.0"/>
  <testcase name="distancePerEditOperationStringNodeDataCostModel[testID:44,t1:{a{b}},t2:{b},d:1]" classname="PerEditOperationCorrectnessTest" time="0.0"/>
  <testcase name="distancePerEditOperationStringNodeDataCostModel[testID:45,t1:{a{b}{c}},t2:{x},d:3]" classname="PerEditOperationCorrectnessTest" time="0.0"/>
  <testcase name="distancePerEditOperationStringNodeDataCostModel[testID:46,t1:{a{b}{c}},t2:{a},d:2]" classname="PerEditOperationCorrectnessTest" time="0.0"/>
  <testcase name="distancePerEditOperationStringNodeDataCostModel[testID:47,t1:{a{b}},t2:{x{z}},d:2]" classname="PerEditOperationCorrectnessTest" time="0.0"/>
  <testcase name="distancePerEditOperationStringNodeDataCostModel[testID:48,t1:{a{b}},t2:{a{b}},d:0]" classname="PerEditOperationCorrectnessTest" time="0.0"/>
  <testcase name="distancePerEditOperationStringNodeDataCostModel[testID:49,t1:{a{b}},t2:{x},d:2]" classname="PerEditOperationCorrectnessTest" time="0.0"/>
  <testcase name="distancePerEditOperationStringNodeDataCostModel[testID:50,t1:{a{b}},t2:{a},d:1]" classname="PerEditOperationCorrectnessTest" time="0.0"/>
  <testcase name="distancePerEditOperationStringNodeDataCostModel[testID:51,t1:{a},t2:{x},d:1]" classname="PerEditOperationCorrectnessTest" time="0.0"/>
  <testcase name="distancePerEditOperationStringNodeDataCostModel[testID:52,t1:{a},t2:{a},d:0]" classname="PerEditOperationCorrectnessTest" time="0.0"/>
  <testcase name="distancePerEditOperationStringNodeDataCostModel[testID:53,t1:{a},t2:{b},d:1]" classname="PerEditOperationCorrectnessTest" time="0.0"/>
  <testcase name="distancePerEditOperationStringNodeDataCostModel[testID:54,t1:{a{b}},t2:{b},d:1]" classname="PerEditOperationCorrectnessTest" time="0.0"/>
  <testcase name="distancePerEditOperationStringNodeDataCostModel[testID:55,t1:{a{b}{c}},t2:{b},d:2]" classname="PerEditOperationCorrectnessTest" time="0.0"/>
  <testcase name="distancePerEditOperationStringNodeDataCostModel[testID:56,t1:{a{b}{c}},t2:{b{c}},d:2]" classname="PerEditOperationCorrectnessTest" time="0.0"/>
  <testcase name="distancePerEditOperationStringNodeDataCostModel[testID:57,t1:{a{b{c}}{d}},t2:{b{c}{a{d}}},d:3]" classname="PerEditOperationCorrectnessTest" time="0.0"/>
  <testcase name="distancePerEditOperationStringNodeDataCostModel[testID:58,t1:{a{b{c}{d}}},t2:{a{c}{d}},d:1]" classname="PerEditOperationCorrectnessTest" time="0.0"/>
  <testcase name="distancePerEditOperationStringNodeDataCostModel[testID:59,t1:{a{b{c}{d{e}{f}}}},t2:{a{c}{e}{f}},d:2]" classname="PerEditOperationCorrectnessTest" time="0.002"/>
  <testcase name="distancePerEditOperationStringNodeDataCostModel[testID:60,t1:{a{b{c}{d{e}{f}}}},t2:{b{c}{d{e}{f}}},d:1]" classname="PerEditOperationCorrectnessTest" time="0.006"/>
  <testcase name="distancePerEditOperationStringNodeDataCostModel[testID:61,t1:{a{b{c}{d{e}{f}}}{x}},t2:{b{c}{d{e}{f}}},d:2]" classname="PerEditOperationCorrectnessTest" time="0.014"/>
  <testcase name="distancePerEditOperationStringNodeDataCostModel[testID:62,t1:{a{b}{c{d}{e}}},t2:{a{b{c}}{d}{e}},d:2]" classname="PerEditOperationCorrectnessTest" time="0.003"/>
  <testcase name="distancePerEditOperationStringNodeDataCostModel[testID:63,t1:{a{a{a}{a}}},t2:{a{a{a}}},d:1]" classname="PerEditOperationCorrectnessTest" time="0.0"/>
  <testcase name="distancePerEditOperationStringNodeDataCostModel[testID:65,t1:{a{b{d}{e}}{c}},t2:{f{g{h}{i}}{k}},d:5]" classname="PerEditOperationCorrectnessTest" time="0.003"/>
  <testcase name="distancePerEditOperationStringNodeDataCostModel[testID:66,t1:{a{b{c}{d{e}{f}}}},t2:{b{c}{e}{f}},d:2]" classname="PerEditOperationCorrectnessTest" time="0.003"/>
  <testcase name="distancePerEditOperationStringNodeDataCostModel[testID:67,t1:{f{d{a}{c{b}}}{e}},t2:{f{c{d{a}{b}}}{e}},d:2]" classname="PerEditOperationCorrectnessTest" time="0.048"/>
  <testcase name="distancePerEditOperationStringNodeDataCostModel[testID:68,t1:{f{d{a}{c{b}}}{e}},t2:{f{c{d{a}{b}}}{x}},d:3]" classname="PerEditOperationCorrectnessTest" time="0.021"/>
  <testcase name="distancePerEditOperationStringNodeDataCostModel[testID:69,t1:{f{d{a}{c{b}}}{e}},t2:{f{c{d{a}{b}}{e}}},d:2]" classname="PerEditOperationCorrectnessTest" time="0.021"/>
  <testcase name="distancePerEditOperationStringNodeDataCostModel[testID:70,t1:{2{6}{8{5{3{6}{3}{2}}}}{6}},t2:{1{2}{0}},d:8]" classname="PerEditOperationCorrectnessTest" time="0.004"/>
  <testcase name="distancePerEditOperationStringNodeDataCostModel[testID:72,t1:{1{1}},t2:{c{a{b{4{b}{0{3}}{0{c}{9}}}}{1}{a}}{7}{d}},d:13]" classname="PerEditOperationCorrectnessTest" time="0.001"/>
  <testcase name="distancePerEditOperationStringNodeDataCostModel[testID:73,t1:{1{2{2{5}{7{6{7}}}}}{0}},t2:{0{2}{1}{1}},d:8]" classname="PerEditOperationCorrectnessTest" time="0.007"/>
  <testcase name="distancePerEditOperationStringNodeDataCostModel[testID:74,t1:{7{1{3{c{j{c}{j}}{2{d}}{8{5}{a}{3}}}}}{m{2{c{e}{4}{b{h}{f}{k}}}}}{d}},t2:{1{1}},d:22]" classname="PerEditOperationCorrectnessTest" time="0.012"/>
  <testcase name="distancePerEditOperationStringNodeDataCostModel[testID:75,t1:{1{1}{2}},t2:{3{8{4{3}{9{0}{4}{7}}}}{7}{8}},d:10]" classname="PerEditOperationCorrectnessTest" time="0.002"/>
  <testcase name="distancePerEditOperationStringNodeDataCostModel[testID:77,t1:{1{3}{5{2{6}{5}{5}}}{5}},t2:{0{3}{2}{1}},d:6]" classname="PerEditOperationCorrectnessTest" time="0.008"/>
  <testcase name="distancePerEditOperationStringNodeDataCostModel[testID:78,t1:{3{8{n{q}{3{i{r}}}}{p{n{4}{n{s}{l}}}}}{n{3{e{h}{g}{m{j}{6}}}}{a}{r}}{2{p{j{n{f}}}}{n}}},t2:{0{1}},d:29]" classname="PerEditOperationCorrectnessTest" time="0.028"/>
  <system-out><![CDATA[]]></system-out>
  <system-err><![CDATA[]]></system-err>
</testsuite>
